\BOOKMARK [0][-]{chapter.1}{\376\377\0001\000\040\000R\000e\000b\000a\000r\000\040\000A\000d\000d\000o\000n\000\040\000f\000o\000r\000\040\000F\000r\000e\000e\000C\000A\000D}{}% 1
\BOOKMARK [0][-]{chapter.2}{\376\377\0002\000\040\000N\000a\000m\000e\000s\000p\000a\000c\000e\000\040\000I\000n\000d\000e\000x}{}% 2
\BOOKMARK [1][-]{section.2.1}{\376\377\0002\000.\0001\000\040\000N\000a\000m\000e\000s\000p\000a\000c\000e\000\040\000L\000i\000s\000t}{chapter.2}% 3
\BOOKMARK [0][-]{chapter.3}{\376\377\0003\000\040\000H\000i\000e\000r\000a\000r\000c\000h\000i\000c\000a\000l\000\040\000I\000n\000d\000e\000x}{}% 4
\BOOKMARK [1][-]{section.3.1}{\376\377\0003\000.\0001\000\040\000C\000l\000a\000s\000s\000\040\000H\000i\000e\000r\000a\000r\000c\000h\000y}{chapter.3}% 5
\BOOKMARK [0][-]{chapter.4}{\376\377\0004\000\040\000C\000l\000a\000s\000s\000\040\000I\000n\000d\000e\000x}{}% 6
\BOOKMARK [1][-]{section.4.1}{\376\377\0004\000.\0001\000\040\000C\000l\000a\000s\000s\000\040\000L\000i\000s\000t}{chapter.4}% 7
\BOOKMARK [0][-]{chapter.5}{\376\377\0005\000\040\000F\000i\000l\000e\000\040\000I\000n\000d\000e\000x}{}% 8
\BOOKMARK [1][-]{section.5.1}{\376\377\0005\000.\0001\000\040\000F\000i\000l\000e\000\040\000L\000i\000s\000t}{chapter.5}% 9
\BOOKMARK [0][-]{chapter.6}{\376\377\0006\000\040\000N\000a\000m\000e\000s\000p\000a\000c\000e\000\040\000D\000o\000c\000u\000m\000e\000n\000t\000a\000t\000i\000o\000n}{}% 10
\BOOKMARK [1][-]{section.6.1}{\376\377\0006\000.\0001\000\040\000B\000e\000n\000t\000S\000h\000a\000p\000e\000R\000e\000b\000a\000r\000\040\000N\000a\000m\000e\000s\000p\000a\000c\000e\000\040\000R\000e\000f\000e\000r\000e\000n\000c\000e}{chapter.6}% 11
\BOOKMARK [2][-]{subsection.6.1.1}{\376\377\0006\000.\0001\000.\0001\000\040\000F\000u\000n\000c\000t\000i\000o\000n\000\040\000D\000o\000c\000u\000m\000e\000n\000t\000a\000t\000i\000o\000n}{section.6.1}% 12
\BOOKMARK [3][-]{subsubsection.6.1.1.1}{\376\377\0006\000.\0001\000.\0001\000.\0001\000\040\000C\000o\000m\000m\000a\000n\000d\000B\000e\000n\000t\000S\000h\000a\000p\000e\000R\000e\000b\000a\000r\000\050\000\051}{subsection.6.1.1}% 13
\BOOKMARK [3][-]{subsubsection.6.1.1.2}{\376\377\0006\000.\0001\000.\0001\000.\0002\000\040\000e\000d\000i\000t\000B\000e\000n\000t\000S\000h\000a\000p\000e\000R\000e\000b\000a\000r\000\050\000R\000e\000b\000a\000r\000,\000\040\000f\000c\000o\000v\000e\000r\000,\000\040\000b\000c\000o\000v\000e\000r\000,\000\040\000l\000c\000o\000v\000e\000r\000,\000\040\000r\000c\000o\000v\000e\000r\000,\000\040\000d\000i\000a\000m\000e\000t\000e\000r\000,\000\040\000t\000c\000o\000v\000e\000r\000,\000\040\000b\000e\000n\000t\000L\000e\000n\000g\000t\000h\000,\000\040\000b\000e\000n\000t\000A\000n\000g\000l\000e\000,\000\040\000r\000o\000u\000n\000d\000i\000n\000g\000,\000\040\000a\000m\000o\000u\000n\000t\000s\000p\000a\000c\000i\000n\000g\000c\000h\000e\000c\000k\000,\000\040\000a\000m\000o\000u\000n\000t\000s\000p\000a\000c\000i\000n\000g\000v\000a\000l\000u\000e\000,\000\040\000o\000r\000i\000e\000n\000t\000a\000t\000i\000o\000n\000,\000\040\000s\000t\000r\000u\000c\000t\000u\000r\000e\000=\000N\000o\000n\000e\000,\000\040\000f\000a\000c\000e\000n\000a\000m\000e\000=\000N\000o\000n\000e\000\051}{subsection.6.1.1}% 14
\BOOKMARK [3][-]{subsubsection.6.1.1.3}{\376\377\0006\000.\0001\000.\0001\000.\0003\000\040\000e\000d\000i\000t\000D\000i\000a\000l\000o\000g\000\050\000v\000o\000b\000j\000\051}{subsection.6.1.1}% 15
\BOOKMARK [3][-]{subsubsection.6.1.1.4}{\376\377\0006\000.\0001\000.\0001\000.\0004\000\040\000g\000e\000t\000p\000o\000i\000n\000t\000s\000O\000f\000B\000e\000n\000t\000S\000h\000a\000p\000e\000R\000e\000b\000a\000r\000\050\000F\000a\000c\000e\000P\000R\000M\000,\000\040\000l\000c\000o\000v\000e\000r\000,\000\040\000r\000c\000o\000v\000e\000r\000,\000\040\000b\000c\000o\000v\000e\000r\000,\000\040\000t\000c\000o\000v\000e\000r\000,\000\040\000b\000e\000n\000t\000L\000e\000n\000g\000t\000h\000,\000\040\000b\000e\000n\000t\000A\000n\000g\000l\000e\000,\000\040\000o\000r\000i\000e\000n\000t\000a\000t\000i\000o\000n\000\051}{subsection.6.1.1}% 16
\BOOKMARK [3][-]{subsubsection.6.1.1.5}{\376\377\0006\000.\0001\000.\0001\000.\0005\000\040\000m\000a\000k\000e\000B\000e\000n\000t\000S\000h\000a\000p\000e\000R\000e\000b\000a\000r\000\050\000f\000c\000o\000v\000e\000r\000,\000\040\000b\000c\000o\000v\000e\000r\000,\000\040\000l\000c\000o\000v\000e\000r\000,\000\040\000r\000c\000o\000v\000e\000r\000,\000\040\000d\000i\000a\000m\000e\000t\000e\000r\000,\000\040\000t\000c\000o\000v\000e\000r\000,\000\040\000b\000e\000n\000t\000L\000e\000n\000g\000t\000h\000,\000\040\000b\000e\000n\000t\000A\000n\000g\000l\000e\000,\000\040\000r\000o\000u\000n\000d\000i\000n\000g\000,\000\040\000a\000m\000o\000u\000n\000t\000s\000p\000a\000c\000i\000n\000g\000c\000h\000e\000c\000k\000,\000\040\000a\000m\000o\000u\000n\000t\000s\000p\000a\000c\000i\000n\000g\000v\000a\000l\000u\000e\000,\000\040\000o\000r\000i\000e\000n\000t\000a\000t\000i\000o\000n\000=\000"\000B\000o\000t\000t\000o\000m\000\040\000L\000e\000f\000t\000"\000,\000\040\000s\000t\000r\000u\000c\000t\000u\000r\000e\000=\000N\000o\000n\000e\000,\000\040\000f\000a\000c\000e\000n\000a\000m\000e\000=\000N\000o\000n\000e\000\051}{subsection.6.1.1}% 17
\BOOKMARK [2][-]{subsection.6.1.2}{\376\377\0006\000.\0001\000.\0002\000\040\000V\000a\000r\000i\000a\000b\000l\000e\000\040\000D\000o\000c\000u\000m\000e\000n\000t\000a\000t\000i\000o\000n}{section.6.1}% 18
\BOOKMARK [3][-]{subsubsection.6.1.2.1}{\376\377\0006\000.\0001\000.\0002\000.\0001\000\040\000a\000u\000t\000h\000o\000r}{subsection.6.1.2}% 19
\BOOKMARK [3][-]{subsubsection.6.1.2.2}{\376\377\0006\000.\0001\000.\0002\000.\0002\000\040\000t\000i\000t\000l\000e}{subsection.6.1.2}% 20
\BOOKMARK [3][-]{subsubsection.6.1.2.3}{\376\377\0006\000.\0001\000.\0002\000.\0003\000\040\000u\000r\000l}{subsection.6.1.2}% 21
\BOOKMARK [1][-]{section.6.2}{\376\377\0006\000.\0002\000\040\000H\000e\000l\000i\000c\000a\000l\000R\000e\000b\000a\000r\000\040\000N\000a\000m\000e\000s\000p\000a\000c\000e\000\040\000R\000e\000f\000e\000r\000e\000n\000c\000e}{chapter.6}% 22
\BOOKMARK [2][-]{subsection.6.2.1}{\376\377\0006\000.\0002\000.\0001\000\040\000F\000u\000n\000c\000t\000i\000o\000n\000\040\000D\000o\000c\000u\000m\000e\000n\000t\000a\000t\000i\000o\000n}{section.6.2}% 23
\BOOKMARK [3][-]{subsubsection.6.2.1.1}{\376\377\0006\000.\0002\000.\0001\000.\0001\000\040\000C\000o\000m\000m\000a\000n\000d\000H\000e\000l\000i\000c\000a\000l\000R\000e\000b\000a\000r\000\050\000\051}{subsection.6.2.1}% 24
\BOOKMARK [3][-]{subsubsection.6.2.1.2}{\376\377\0006\000.\0002\000.\0001\000.\0002\000\040\000c\000r\000e\000a\000t\000e\000H\000e\000l\000i\000c\000a\000l\000W\000i\000r\000e\000\050\000F\000a\000c\000e\000P\000R\000M\000,\000\040\000s\000c\000o\000v\000e\000r\000,\000\040\000b\000c\000o\000v\000e\000r\000,\000\040\000t\000c\000o\000v\000e\000r\000,\000\040\000p\000i\000t\000c\000h\000,\000\040\000s\000i\000z\000e\000,\000\040\000d\000i\000r\000e\000c\000t\000i\000o\000n\000,\000\040\000h\000e\000l\000i\000x\000=\000N\000o\000n\000e\000\051}{subsection.6.2.1}% 25
\BOOKMARK [3][-]{subsubsection.6.2.1.3}{\376\377\0006\000.\0002\000.\0001\000.\0003\000\040\000e\000d\000i\000t\000D\000i\000a\000l\000o\000g\000\050\000v\000o\000b\000j\000\051}{subsection.6.2.1}% 26
\BOOKMARK [3][-]{subsubsection.6.2.1.4}{\376\377\0006\000.\0002\000.\0001\000.\0004\000\040\000e\000d\000i\000t\000H\000e\000l\000i\000c\000a\000l\000R\000e\000b\000a\000r\000\050\000R\000e\000b\000a\000r\000,\000\040\000s\000c\000o\000v\000e\000r\000,\000\040\000b\000c\000o\000v\000e\000r\000,\000\040\000d\000i\000a\000m\000e\000t\000e\000r\000,\000\040\000t\000c\000o\000v\000e\000r\000,\000\040\000p\000i\000t\000c\000h\000,\000\040\000s\000t\000r\000u\000c\000t\000u\000r\000e\000=\000N\000o\000n\000e\000,\000\040\000f\000a\000c\000e\000n\000a\000m\000e\000=\000N\000o\000n\000e\000\051}{subsection.6.2.1}% 27
\BOOKMARK [3][-]{subsubsection.6.2.1.5}{\376\377\0006\000.\0002\000.\0001\000.\0005\000\040\000g\000e\000t\000p\000o\000i\000n\000t\000s\000O\000f\000H\000e\000l\000i\000c\000a\000l\000R\000e\000b\000a\000r\000\050\000F\000a\000c\000e\000P\000R\000M\000,\000\040\000s\000c\000o\000v\000e\000r\000,\000\040\000b\000c\000o\000v\000e\000r\000,\000\040\000t\000c\000o\000v\000e\000r\000,\000\040\000p\000i\000t\000c\000h\000,\000\040\000e\000d\000g\000e\000s\000,\000\040\000d\000i\000a\000m\000e\000t\000e\000r\000,\000\040\000s\000i\000z\000e\000,\000\040\000d\000i\000r\000e\000c\000t\000i\000o\000n\000\051}{subsection.6.2.1}% 28
\BOOKMARK [3][-]{subsubsection.6.2.1.6}{\376\377\0006\000.\0002\000.\0001\000.\0006\000\040\000m\000a\000k\000e\000H\000e\000l\000i\000c\000a\000l\000R\000e\000b\000a\000r\000\050\000s\000c\000o\000v\000e\000r\000,\000\040\000b\000c\000o\000v\000e\000r\000,\000\040\000d\000i\000a\000m\000e\000t\000e\000r\000,\000\040\000t\000c\000o\000v\000e\000r\000,\000\040\000p\000i\000t\000c\000h\000,\000\040\000s\000t\000r\000u\000c\000t\000u\000r\000e\000=\000N\000o\000n\000e\000,\000\040\000f\000a\000c\000e\000n\000a\000m\000e\000=\000N\000o\000n\000e\000\051}{subsection.6.2.1}% 29
\BOOKMARK [2][-]{subsection.6.2.2}{\376\377\0006\000.\0002\000.\0002\000\040\000V\000a\000r\000i\000a\000b\000l\000e\000\040\000D\000o\000c\000u\000m\000e\000n\000t\000a\000t\000i\000o\000n}{section.6.2}% 30
\BOOKMARK [3][-]{subsubsection.6.2.2.1}{\376\377\0006\000.\0002\000.\0002\000.\0001\000\040\000a\000u\000t\000h\000o\000r}{subsection.6.2.2}% 31
\BOOKMARK [3][-]{subsubsection.6.2.2.2}{\376\377\0006\000.\0002\000.\0002\000.\0002\000\040\000t\000i\000t\000l\000e}{subsection.6.2.2}% 32
\BOOKMARK [3][-]{subsubsection.6.2.2.3}{\376\377\0006\000.\0002\000.\0002\000.\0003\000\040\000u\000r\000l}{subsection.6.2.2}% 33
\BOOKMARK [1][-]{section.6.3}{\376\377\0006\000.\0003\000\040\000L\000S\000h\000a\000p\000e\000R\000e\000b\000a\000r\000\040\000N\000a\000m\000e\000s\000p\000a\000c\000e\000\040\000R\000e\000f\000e\000r\000e\000n\000c\000e}{chapter.6}% 34
\BOOKMARK [2][-]{subsection.6.3.1}{\376\377\0006\000.\0003\000.\0001\000\040\000F\000u\000n\000c\000t\000i\000o\000n\000\040\000D\000o\000c\000u\000m\000e\000n\000t\000a\000t\000i\000o\000n}{section.6.3}% 35
\BOOKMARK [3][-]{subsubsection.6.3.1.1}{\376\377\0006\000.\0003\000.\0001\000.\0001\000\040\000C\000o\000m\000m\000a\000n\000d\000L\000S\000h\000a\000p\000e\000R\000e\000b\000a\000r\000\050\000\051}{subsection.6.3.1}% 36
\BOOKMARK [3][-]{subsubsection.6.3.1.2}{\376\377\0006\000.\0003\000.\0001\000.\0002\000\040\000e\000d\000i\000t\000D\000i\000a\000l\000o\000g\000\050\000v\000o\000b\000j\000\051}{subsection.6.3.1}% 37
\BOOKMARK [3][-]{subsubsection.6.3.1.3}{\376\377\0006\000.\0003\000.\0001\000.\0003\000\040\000e\000d\000i\000t\000L\000S\000h\000a\000p\000e\000R\000e\000b\000a\000r\000\050\000R\000e\000b\000a\000r\000,\000\040\000f\000c\000o\000v\000e\000r\000,\000\040\000b\000c\000o\000v\000e\000r\000,\000\040\000l\000c\000o\000v\000e\000r\000,\000\040\000r\000c\000o\000v\000e\000r\000,\000\040\000d\000i\000a\000m\000e\000t\000e\000r\000,\000\040\000t\000c\000o\000v\000e\000r\000,\000\040\000r\000o\000u\000n\000d\000i\000n\000g\000,\000\040\000a\000m\000o\000u\000n\000t\000s\000p\000a\000c\000i\000n\000g\000c\000h\000e\000c\000k\000,\000\040\000a\000m\000o\000u\000n\000t\000s\000p\000a\000c\000i\000n\000g\000v\000a\000l\000u\000e\000,\000\040\000o\000r\000i\000e\000n\000t\000a\000t\000i\000o\000n\000,\000\040\000s\000t\000r\000u\000c\000t\000u\000r\000e\000=\000N\000o\000n\000e\000,\000\040\000f\000a\000c\000e\000n\000a\000m\000e\000=\000N\000o\000n\000e\000\051}{subsection.6.3.1}% 38
\BOOKMARK [3][-]{subsubsection.6.3.1.4}{\376\377\0006\000.\0003\000.\0001\000.\0004\000\040\000g\000e\000t\000p\000o\000i\000n\000t\000s\000O\000f\000L\000S\000h\000a\000p\000e\000R\000e\000b\000a\000r\000\050\000F\000a\000c\000e\000P\000R\000M\000,\000\040\000l\000c\000o\000v\000e\000r\000,\000\040\000r\000c\000o\000v\000e\000r\000,\000\040\000b\000c\000o\000v\000e\000r\000,\000\040\000t\000c\000o\000v\000e\000r\000,\000\040\000o\000r\000i\000e\000n\000t\000a\000t\000i\000o\000n\000\051}{subsection.6.3.1}% 39
\BOOKMARK [3][-]{subsubsection.6.3.1.5}{\376\377\0006\000.\0003\000.\0001\000.\0005\000\040\000m\000a\000k\000e\000L\000S\000h\000a\000p\000e\000R\000e\000b\000a\000r\000\050\000f\000c\000o\000v\000e\000r\000,\000\040\000b\000c\000o\000v\000e\000r\000,\000\040\000l\000c\000o\000v\000e\000r\000,\000\040\000r\000c\000o\000v\000e\000r\000,\000\040\000d\000i\000a\000m\000e\000t\000e\000r\000,\000\040\000t\000c\000o\000v\000e\000r\000,\000\040\000r\000o\000u\000n\000d\000i\000n\000g\000,\000\040\000a\000m\000o\000u\000n\000t\000s\000p\000a\000c\000i\000n\000g\000c\000h\000e\000c\000k\000,\000\040\000a\000m\000o\000u\000n\000t\000s\000p\000a\000c\000i\000n\000g\000v\000a\000l\000u\000e\000,\000\040\000o\000r\000i\000e\000n\000t\000a\000t\000i\000o\000n\000=\000"\000B\000o\000t\000t\000o\000m\000\040\000L\000e\000f\000t\000"\000,\000\040\000s\000t\000r\000u\000c\000t\000u\000r\000e\000=\000N\000o\000n\000e\000,\000\040\000f\000a\000c\000e\000n\000a\000m\000e\000=\000N\000o\000n\000e\000\051}{subsection.6.3.1}% 40
\BOOKMARK [2][-]{subsection.6.3.2}{\376\377\0006\000.\0003\000.\0002\000\040\000V\000a\000r\000i\000a\000b\000l\000e\000\040\000D\000o\000c\000u\000m\000e\000n\000t\000a\000t\000i\000o\000n}{section.6.3}% 41
\BOOKMARK [3][-]{subsubsection.6.3.2.1}{\376\377\0006\000.\0003\000.\0002\000.\0001\000\040\000a\000u\000t\000h\000o\000r}{subsection.6.3.2}% 42
\BOOKMARK [3][-]{subsubsection.6.3.2.2}{\376\377\0006\000.\0003\000.\0002\000.\0002\000\040\000t\000i\000t\000l\000e}{subsection.6.3.2}% 43
\BOOKMARK [3][-]{subsubsection.6.3.2.3}{\376\377\0006\000.\0003\000.\0002\000.\0003\000\040\000u\000r\000l}{subsection.6.3.2}% 44
\BOOKMARK [1][-]{section.6.4}{\376\377\0006\000.\0004\000\040\000P\000o\000p\000U\000p\000I\000m\000a\000g\000e\000\040\000N\000a\000m\000e\000s\000p\000a\000c\000e\000\040\000R\000e\000f\000e\000r\000e\000n\000c\000e}{chapter.6}% 45
\BOOKMARK [2][-]{subsection.6.4.1}{\376\377\0006\000.\0004\000.\0001\000\040\000F\000u\000n\000c\000t\000i\000o\000n\000\040\000D\000o\000c\000u\000m\000e\000n\000t\000a\000t\000i\000o\000n}{section.6.4}% 46
\BOOKMARK [3][-]{subsubsection.6.4.1.1}{\376\377\0006\000.\0004\000.\0001\000.\0001\000\040\000s\000h\000o\000w\000P\000o\000p\000U\000p\000I\000m\000a\000g\000e\000D\000i\000a\000l\000o\000g\000\050\000i\000m\000g\000\051}{subsection.6.4.1}% 47
\BOOKMARK [2][-]{subsection.6.4.2}{\376\377\0006\000.\0004\000.\0002\000\040\000V\000a\000r\000i\000a\000b\000l\000e\000\040\000D\000o\000c\000u\000m\000e\000n\000t\000a\000t\000i\000o\000n}{section.6.4}% 48
\BOOKMARK [3][-]{subsubsection.6.4.2.1}{\376\377\0006\000.\0004\000.\0002\000.\0001\000\040\000a\000u\000t\000h\000o\000r}{subsection.6.4.2}% 49
\BOOKMARK [3][-]{subsubsection.6.4.2.2}{\376\377\0006\000.\0004\000.\0002\000.\0002\000\040\000t\000i\000t\000l\000e}{subsection.6.4.2}% 50
\BOOKMARK [3][-]{subsubsection.6.4.2.3}{\376\377\0006\000.\0004\000.\0002\000.\0003\000\040\000u\000r\000l}{subsection.6.4.2}% 51
\BOOKMARK [1][-]{section.6.5}{\376\377\0006\000.\0005\000\040\000R\000e\000b\000a\000r\000D\000i\000s\000t\000r\000i\000b\000u\000t\000i\000o\000n\000\040\000N\000a\000m\000e\000s\000p\000a\000c\000e\000\040\000R\000e\000f\000e\000r\000e\000n\000c\000e}{chapter.6}% 52
\BOOKMARK [2][-]{subsection.6.5.1}{\376\377\0006\000.\0005\000.\0001\000\040\000F\000u\000n\000c\000t\000i\000o\000n\000\040\000D\000o\000c\000u\000m\000e\000n\000t\000a\000t\000i\000o\000n}{section.6.5}% 53
\BOOKMARK [3][-]{subsubsection.6.5.1.1}{\376\377\0006\000.\0005\000.\0001\000.\0001\000\040\000g\000e\000t\000C\000u\000s\000t\000o\000m\000S\000p\000a\000c\000i\000n\000g\000S\000t\000r\000i\000n\000g\000\050\000a\000m\000o\000u\000n\000t\0001\000,\000\040\000s\000p\000a\000c\000i\000n\000g\0001\000,\000\040\000a\000m\000o\000u\000n\000t\0002\000,\000\040\000s\000p\000a\000c\000i\000n\000g\0002\000,\000\040\000a\000m\000o\000u\000n\000t\0003\000,\000\040\000s\000p\000a\000c\000i\000n\000g\0003\000,\000\040\000f\000r\000o\000n\000t\000C\000o\000v\000e\000r\000,\000\040\000s\000i\000z\000e\000\051}{subsection.6.5.1}% 54
\BOOKMARK [3][-]{subsubsection.6.5.1.2}{\376\377\0006\000.\0005\000.\0001\000.\0002\000\040\000g\000e\000t\000u\000p\000l\000e\000O\000f\000C\000u\000s\000t\000o\000m\000S\000p\000a\000c\000i\000n\000g\000\050\000s\000p\000a\000n\000s\000t\000r\000i\000n\000g\000\051}{subsection.6.5.1}% 55
\BOOKMARK [3][-]{subsubsection.6.5.1.3}{\376\377\0006\000.\0005\000.\0001\000.\0003\000\040\000r\000e\000m\000o\000v\000e\000R\000e\000b\000a\000r\000D\000i\000s\000t\000r\000i\000b\000u\000t\000i\000o\000n\000\050\000s\000e\000l\000f\000\051}{subsection.6.5.1}% 56
\BOOKMARK [3][-]{subsubsection.6.5.1.4}{\376\377\0006\000.\0005\000.\0001\000.\0004\000\040\000r\000u\000n\000R\000e\000b\000a\000r\000D\000i\000s\000t\000r\000i\000b\000u\000t\000i\000o\000n\000\050\000s\000e\000l\000f\000\051}{subsection.6.5.1}% 57
\BOOKMARK [2][-]{subsection.6.5.2}{\376\377\0006\000.\0005\000.\0002\000\040\000V\000a\000r\000i\000a\000b\000l\000e\000\040\000D\000o\000c\000u\000m\000e\000n\000t\000a\000t\000i\000o\000n}{section.6.5}% 58
\BOOKMARK [3][-]{subsubsection.6.5.2.1}{\376\377\0006\000.\0005\000.\0002\000.\0001\000\040\000a\000u\000t\000h\000o\000r}{subsection.6.5.2}% 59
\BOOKMARK [3][-]{subsubsection.6.5.2.2}{\376\377\0006\000.\0005\000.\0002\000.\0002\000\040\000t\000i\000t\000l\000e}{subsection.6.5.2}% 60
\BOOKMARK [3][-]{subsubsection.6.5.2.3}{\376\377\0006\000.\0005\000.\0002\000.\0003\000\040\000u\000r\000l}{subsection.6.5.2}% 61
\BOOKMARK [3][-]{subsubsection.6.5.2.4}{\376\377\0006\000.\0005\000.\0002\000.\0004\000\040\000C\000u\000s\000t\000o\000m\000S\000p\000a\000c\000i\000n\000g}{subsection.6.5.2}% 62
\BOOKMARK [1][-]{section.6.6}{\376\377\0006\000.\0006\000\040\000R\000e\000b\000a\000r\000f\000u\000n\000c\000\040\000N\000a\000m\000e\000s\000p\000a\000c\000e\000\040\000R\000e\000f\000e\000r\000e\000n\000c\000e}{chapter.6}% 63
\BOOKMARK [2][-]{subsection.6.6.1}{\376\377\0006\000.\0006\000.\0001\000\040\000F\000u\000n\000c\000t\000i\000o\000n\000\040\000D\000o\000c\000u\000m\000e\000n\000t\000a\000t\000i\000o\000n}{section.6.6}% 64
\BOOKMARK [3][-]{subsubsection.6.6.1.1}{\376\377\0006\000.\0006\000.\0001\000.\0001\000\040\000c\000h\000e\000c\000k\000s\000e\000l\000e\000c\000t\000e\000d\000f\000a\000c\000e\000\050\000\051}{subsection.6.6.1}% 65
\BOOKMARK [3][-]{subsubsection.6.6.1.2}{\376\377\0006\000.\0006\000.\0001\000.\0002\000\040\000c\000h\000e\000c\000k\000R\000e\000c\000t\000a\000n\000g\000l\000e\000\050\000e\000d\000g\000e\000s\000\051}{subsection.6.6.1}% 66
\BOOKMARK [3][-]{subsubsection.6.6.1.3}{\376\377\0006\000.\0006\000.\0001\000.\0003\000\040\000e\000x\000t\000e\000n\000d\000e\000d\000T\000a\000n\000g\000e\000n\000t\000L\000e\000n\000g\000t\000h\000\050\000r\000o\000u\000n\000d\000i\000n\000g\000,\000\040\000d\000i\000a\000m\000e\000t\000e\000r\000,\000\040\000a\000n\000g\000l\000e\000\051}{subsection.6.6.1}% 67
\BOOKMARK [3][-]{subsubsection.6.6.1.4}{\376\377\0006\000.\0006\000.\0001\000.\0004\000\040\000e\000x\000t\000e\000n\000d\000e\000d\000T\000a\000n\000g\000e\000n\000t\000P\000a\000r\000t\000L\000e\000n\000g\000t\000h\000\050\000r\000o\000u\000n\000d\000i\000n\000g\000,\000\040\000d\000i\000a\000m\000e\000t\000e\000r\000,\000\040\000a\000n\000g\000l\000e\000\051}{subsection.6.6.1}% 68
\BOOKMARK [3][-]{subsubsection.6.6.1.5}{\376\377\0006\000.\0006\000.\0001\000.\0005\000\040\000f\000a\000c\000e\000n\000o\000r\000m\000a\000l\000D\000i\000r\000e\000c\000t\000i\000o\000n\000\050\000s\000t\000r\000u\000c\000t\000u\000r\000e\000=\000N\000o\000n\000e\000,\000\040\000f\000a\000c\000e\000n\000a\000m\000e\000=\000N\000o\000n\000e\000\051}{subsection.6.6.1}% 69
\BOOKMARK [3][-]{subsubsection.6.6.1.6}{\376\377\0006\000.\0006\000.\0001\000.\0006\000\040\000g\000e\000t\000B\000a\000s\000e\000O\000b\000j\000e\000c\000t\000\050\000o\000b\000j\000\051}{subsection.6.6.1}% 70
\BOOKMARK [3][-]{subsubsection.6.6.1.7}{\376\377\0006\000.\0006\000.\0001\000.\0007\000\040\000g\000e\000t\000B\000a\000s\000e\000S\000t\000r\000u\000c\000t\000u\000r\000a\000l\000O\000b\000j\000e\000c\000t\000\050\000o\000b\000j\000\051}{subsection.6.6.1}% 71
\BOOKMARK [3][-]{subsubsection.6.6.1.8}{\376\377\0006\000.\0006\000.\0001\000.\0008\000\040\000g\000e\000t\000E\000d\000g\000e\000s\000A\000n\000g\000l\000e\000\050\000e\000d\000g\000e\0001\000,\000\040\000e\000d\000g\000e\0002\000\051}{subsection.6.6.1}% 72
\BOOKMARK [3][-]{subsubsection.6.6.1.9}{\376\377\0006\000.\0006\000.\0001\000.\0009\000\040\000g\000e\000t\000F\000a\000c\000e\000N\000u\000m\000b\000e\000r\000\050\000s\000\051}{subsection.6.6.1}% 73
\BOOKMARK [3][-]{subsubsection.6.6.1.10}{\376\377\0006\000.\0006\000.\0001\000.\0001\0000\000\040\000g\000e\000t\000P\000a\000r\000a\000m\000e\000t\000e\000r\000s\000O\000f\000F\000a\000c\000e\000\050\000s\000t\000r\000u\000c\000t\000u\000r\000e\000,\000\040\000f\000a\000c\000e\000n\000a\000m\000e\000,\000\040\000s\000k\000e\000t\000c\000h\000=\000T\000r\000u\000e\000\051}{subsection.6.6.1}% 74
\BOOKMARK [3][-]{subsubsection.6.6.1.11}{\376\377\0006\000.\0006\000.\0001\000.\0001\0001\000\040\000g\000e\000t\000S\000e\000l\000e\000c\000t\000e\000d\000F\000a\000c\000e\000\050\000s\000e\000l\000f\000\051}{subsection.6.6.1}% 75
\BOOKMARK [3][-]{subsubsection.6.6.1.12}{\376\377\0006\000.\0006\000.\0001\000.\0001\0002\000\040\000g\000e\000t\000T\000r\000u\000e\000P\000a\000r\000a\000m\000e\000t\000e\000r\000s\000O\000f\000S\000t\000r\000u\000c\000t\000u\000r\000e\000\050\000o\000b\000j\000\051}{subsection.6.6.1}% 76
\BOOKMARK [3][-]{subsubsection.6.6.1.13}{\376\377\0006\000.\0006\000.\0001\000.\0001\0003\000\040\000s\000h\000o\000w\000W\000a\000r\000n\000i\000n\000g\000\050\000m\000e\000s\000s\000a\000g\000e\000\051}{subsection.6.6.1}% 77
\BOOKMARK [3][-]{subsubsection.6.6.1.14}{\376\377\0006\000.\0006\000.\0001\000.\0001\0004\000\040\000t\000r\000a\000n\000s\000l\000a\000t\000e\000\050\000c\000o\000n\000t\000e\000x\000t\000,\000\040\000t\000e\000x\000t\000,\000\040\000d\000i\000s\000a\000m\000b\000i\000g\000=\000N\000o\000n\000e\000\051}{subsection.6.6.1}% 78
\BOOKMARK [2][-]{subsection.6.6.2}{\376\377\0006\000.\0006\000.\0002\000\040\000V\000a\000r\000i\000a\000b\000l\000e\000\040\000D\000o\000c\000u\000m\000e\000n\000t\000a\000t\000i\000o\000n}{section.6.6}% 79
\BOOKMARK [3][-]{subsubsection.6.6.2.1}{\376\377\0006\000.\0006\000.\0002\000.\0001\000\040\000a\000u\000t\000h\000o\000r}{subsection.6.6.2}% 80
\BOOKMARK [3][-]{subsubsection.6.6.2.2}{\376\377\0006\000.\0006\000.\0002\000.\0002\000\040\000t\000i\000t\000l\000e}{subsection.6.6.2}% 81
\BOOKMARK [3][-]{subsubsection.6.6.2.3}{\376\377\0006\000.\0006\000.\0002\000.\0003\000\040\000u\000r\000l}{subsection.6.6.2}% 82
\BOOKMARK [3][-]{subsubsection.6.6.2.4}{\376\377\0006\000.\0006\000.\0002\000.\0004\000\040\000F\000a\000c\000e\000N\000a\000m\000e}{subsection.6.6.2}% 83
\BOOKMARK [3][-]{subsubsection.6.6.2.5}{\376\377\0006\000.\0006\000.\0002\000.\0005\000\040\000S\000e\000l\000e\000c\000t\000e\000d\000O\000b\000j}{subsection.6.6.2}% 84
\BOOKMARK [1][-]{section.6.7}{\376\377\0006\000.\0007\000\040\000R\000e\000b\000a\000r\000T\000o\000o\000l\000s\000\040\000N\000a\000m\000e\000s\000p\000a\000c\000e\000\040\000R\000e\000f\000e\000r\000e\000n\000c\000e}{chapter.6}% 85
\BOOKMARK [2][-]{subsection.6.7.1}{\376\377\0006\000.\0007\000.\0001\000\040\000V\000a\000r\000i\000a\000b\000l\000e\000\040\000D\000o\000c\000u\000m\000e\000n\000t\000a\000t\000i\000o\000n}{section.6.7}% 86
\BOOKMARK [3][-]{subsubsection.6.7.1.1}{\376\377\0006\000.\0007\000.\0001\000.\0001\000\040\000a\000u\000t\000h\000o\000r}{subsection.6.7.1}% 87
\BOOKMARK [3][-]{subsubsection.6.7.1.2}{\376\377\0006\000.\0007\000.\0001\000.\0002\000\040\000t\000i\000t\000l\000e}{subsection.6.7.1}% 88
\BOOKMARK [3][-]{subsubsection.6.7.1.3}{\376\377\0006\000.\0007\000.\0001\000.\0003\000\040\000u\000r\000l}{subsection.6.7.1}% 89
\BOOKMARK [3][-]{subsubsection.6.7.1.4}{\376\377\0006\000.\0007\000.\0001\000.\0004\000\040\000R\000e\000b\000a\000r\000C\000o\000m\000m\000a\000n\000d\000s}{subsection.6.7.1}% 90
\BOOKMARK [1][-]{section.6.8}{\376\377\0006\000.\0008\000\040\000S\000t\000i\000r\000r\000u\000p\000\040\000N\000a\000m\000e\000s\000p\000a\000c\000e\000\040\000R\000e\000f\000e\000r\000e\000n\000c\000e}{chapter.6}% 91
\BOOKMARK [2][-]{subsection.6.8.1}{\376\377\0006\000.\0008\000.\0001\000\040\000F\000u\000n\000c\000t\000i\000o\000n\000\040\000D\000o\000c\000u\000m\000e\000n\000t\000a\000t\000i\000o\000n}{section.6.8}% 92
\BOOKMARK [3][-]{subsubsection.6.8.1.1}{\376\377\0006\000.\0008\000.\0001\000.\0001\000\040\000C\000o\000m\000m\000a\000n\000d\000S\000t\000i\000r\000r\000u\000p\000\050\000\051}{subsection.6.8.1}% 93
\BOOKMARK [3][-]{subsubsection.6.8.1.2}{\376\377\0006\000.\0008\000.\0001\000.\0002\000\040\000e\000d\000i\000t\000D\000i\000a\000l\000o\000g\000\050\000v\000o\000b\000j\000\051}{subsection.6.8.1}% 94
\BOOKMARK [3][-]{subsubsection.6.8.1.3}{\376\377\0006\000.\0008\000.\0001\000.\0003\000\040\000e\000d\000i\000t\000S\000t\000i\000r\000r\000u\000p\000\050\000R\000e\000b\000a\000r\000,\000\040\000l\000c\000o\000v\000e\000r\000,\000\040\000r\000c\000o\000v\000e\000r\000,\000\040\000t\000c\000o\000v\000e\000r\000,\000\040\000b\000c\000o\000v\000e\000r\000,\000\040\000f\000c\000o\000v\000e\000r\000,\000\040\000b\000e\000n\000t\000A\000n\000g\000l\000e\000,\000\040\000b\000e\000n\000t\000F\000a\000c\000t\000o\000r\000,\000\040\000d\000i\000a\000m\000e\000t\000e\000r\000,\000\040\000r\000o\000u\000n\000d\000i\000n\000g\000,\000\040\000a\000m\000o\000u\000n\000t\000s\000p\000a\000c\000i\000n\000g\000c\000h\000e\000c\000k\000,\000\040\000a\000m\000o\000u\000n\000t\000s\000p\000a\000c\000i\000n\000g\000v\000a\000l\000u\000e\000,\000\040\000s\000t\000r\000u\000c\000t\000u\000r\000e\000=\000N\000o\000n\000e\000,\000\040\000f\000a\000c\000e\000n\000a\000m\000e\000=\000N\000o\000n\000e\000\051}{subsection.6.8.1}% 95
\BOOKMARK [3][-]{subsubsection.6.8.1.4}{\376\377\0006\000.\0008\000.\0001\000.\0004\000\040\000g\000e\000t\000p\000o\000i\000n\000t\000s\000O\000f\000S\000t\000i\000r\000r\000u\000p\000\050\000F\000a\000c\000e\000P\000R\000M\000,\000\040\000l\000c\000o\000v\000e\000r\000,\000\040\000r\000c\000o\000v\000e\000r\000,\000\040\000t\000c\000o\000v\000e\000r\000,\000\040\000b\000c\000o\000v\000e\000r\000,\000\040\000b\000e\000n\000t\000A\000n\000g\000l\000e\000,\000\040\000b\000e\000n\000t\000F\000a\000c\000t\000o\000r\000,\000\040\000d\000i\000a\000m\000e\000t\000e\000r\000,\000\040\000r\000o\000u\000n\000d\000i\000n\000g\000,\000\040\000f\000a\000c\000e\000n\000o\000r\000m\000a\000l\000\051}{subsection.6.8.1}% 96
\BOOKMARK [3][-]{subsubsection.6.8.1.5}{\376\377\0006\000.\0008\000.\0001\000.\0005\000\040\000m\000a\000k\000e\000S\000t\000i\000r\000r\000u\000p\000\050\000l\000c\000o\000v\000e\000r\000,\000\040\000r\000c\000o\000v\000e\000r\000,\000\040\000t\000c\000o\000v\000e\000r\000,\000\040\000b\000c\000o\000v\000e\000r\000,\000\040\000f\000c\000o\000v\000e\000r\000,\000\040\000b\000e\000n\000t\000A\000n\000g\000l\000e\000,\000\040\000b\000e\000n\000t\000F\000a\000c\000t\000o\000r\000,\000\040\000d\000i\000a\000m\000e\000t\000e\000r\000,\000\040\000r\000o\000u\000n\000d\000i\000n\000g\000,\000\040\000a\000m\000o\000u\000n\000t\000s\000p\000a\000c\000i\000n\000g\000c\000h\000e\000c\000k\000,\000\040\000a\000m\000o\000u\000n\000t\000s\000p\000a\000c\000i\000n\000g\000v\000a\000l\000u\000e\000,\000\040\000s\000t\000r\000u\000c\000t\000u\000r\000e\000=\000N\000o\000n\000e\000,\000\040\000f\000a\000c\000e\000n\000a\000m\000e\000=\000N\000o\000n\000e\000\051}{subsection.6.8.1}% 97
\BOOKMARK [2][-]{subsection.6.8.2}{\376\377\0006\000.\0008\000.\0002\000\040\000V\000a\000r\000i\000a\000b\000l\000e\000\040\000D\000o\000c\000u\000m\000e\000n\000t\000a\000t\000i\000o\000n}{section.6.8}% 98
\BOOKMARK [3][-]{subsubsection.6.8.2.1}{\376\377\0006\000.\0008\000.\0002\000.\0001\000\040\000a\000u\000t\000h\000o\000r}{subsection.6.8.2}% 99
\BOOKMARK [3][-]{subsubsection.6.8.2.2}{\376\377\0006\000.\0008\000.\0002\000.\0002\000\040\000t\000i\000t\000l\000e}{subsection.6.8.2}% 100
\BOOKMARK [3][-]{subsubsection.6.8.2.3}{\376\377\0006\000.\0008\000.\0002\000.\0003\000\040\000u\000r\000l}{subsection.6.8.2}% 101
\BOOKMARK [1][-]{section.6.9}{\376\377\0006\000.\0009\000\040\000S\000t\000r\000a\000i\000g\000h\000t\000R\000e\000b\000a\000r\000\040\000N\000a\000m\000e\000s\000p\000a\000c\000e\000\040\000R\000e\000f\000e\000r\000e\000n\000c\000e}{chapter.6}% 102
\BOOKMARK [2][-]{subsection.6.9.1}{\376\377\0006\000.\0009\000.\0001\000\040\000F\000u\000n\000c\000t\000i\000o\000n\000\040\000D\000o\000c\000u\000m\000e\000n\000t\000a\000t\000i\000o\000n}{section.6.9}% 103
\BOOKMARK [3][-]{subsubsection.6.9.1.1}{\376\377\0006\000.\0009\000.\0001\000.\0001\000\040\000C\000o\000m\000m\000a\000n\000d\000S\000t\000r\000a\000i\000g\000h\000t\000R\000e\000b\000a\000r\000\050\000\051}{subsection.6.9.1}% 104
\BOOKMARK [3][-]{subsubsection.6.9.1.2}{\376\377\0006\000.\0009\000.\0001\000.\0002\000\040\000e\000d\000i\000t\000D\000i\000a\000l\000o\000g\000\050\000v\000o\000b\000j\000\051}{subsection.6.9.1}% 105
\BOOKMARK [3][-]{subsubsection.6.9.1.3}{\376\377\0006\000.\0009\000.\0001\000.\0003\000\040\000e\000d\000i\000t\000S\000t\000r\000a\000i\000g\000h\000t\000R\000e\000b\000a\000r\000\050\000R\000e\000b\000a\000r\000,\000\040\000f\000c\000o\000v\000e\000r\000,\000\040\000c\000o\000v\000e\000r\000A\000l\000o\000n\000g\000,\000\040\000r\000t\000c\000o\000v\000e\000r\000,\000\040\000l\000b\000c\000o\000v\000e\000r\000,\000\040\000d\000i\000a\000m\000e\000t\000e\000r\000,\000\040\000a\000m\000o\000u\000n\000t\000s\000p\000a\000c\000i\000n\000g\000c\000h\000e\000c\000k\000,\000\040\000a\000m\000o\000u\000n\000t\000s\000p\000a\000c\000i\000n\000g\000v\000a\000l\000u\000e\000,\000\040\000o\000r\000i\000e\000n\000t\000a\000t\000i\000o\000n\000,\000\040\000s\000t\000r\000u\000c\000t\000u\000r\000e\000=\000N\000o\000n\000e\000,\000\040\000f\000a\000c\000e\000n\000a\000m\000e\000=\000N\000o\000n\000e\000\051}{subsection.6.9.1}% 106
\BOOKMARK [3][-]{subsubsection.6.9.1.4}{\376\377\0006\000.\0009\000.\0001\000.\0004\000\040\000g\000e\000t\000p\000o\000i\000n\000t\000s\000O\000f\000S\000t\000r\000a\000i\000g\000h\000t\000R\000e\000b\000a\000r\000\050\000F\000a\000c\000e\000P\000R\000M\000,\000\040\000r\000t\000c\000o\000v\000e\000r\000,\000\040\000l\000b\000c\000o\000v\000e\000r\000,\000\040\000c\000o\000v\000e\000r\000A\000l\000o\000n\000g\000,\000\040\000o\000r\000i\000e\000n\000t\000a\000t\000i\000o\000n\000\051}{subsection.6.9.1}% 107
\BOOKMARK [3][-]{subsubsection.6.9.1.5}{\376\377\0006\000.\0009\000.\0001\000.\0005\000\040\000m\000a\000k\000e\000S\000t\000r\000a\000i\000g\000h\000t\000R\000e\000b\000a\000r\000\050\000f\000c\000o\000v\000e\000r\000,\000\040\000c\000o\000v\000e\000r\000A\000l\000o\000n\000g\000,\000\040\000r\000t\000c\000o\000v\000e\000r\000,\000\040\000l\000b\000c\000o\000v\000e\000r\000,\000\040\000d\000i\000a\000m\000e\000t\000e\000r\000,\000\040\000a\000m\000o\000u\000n\000t\000s\000p\000a\000c\000i\000n\000g\000c\000h\000e\000c\000k\000,\000\040\000a\000m\000o\000u\000n\000t\000s\000p\000a\000c\000i\000n\000g\000v\000a\000l\000u\000e\000,\000\040\000o\000r\000i\000e\000n\000t\000a\000t\000i\000o\000n\000=\000"\000H\000o\000r\000i\000z\000o\000n\000t\000a\000l\000"\000,\000\040\000s\000t\000r\000u\000c\000t\000u\000r\000e\000=\000N\000o\000n\000e\000,\000\040\000f\000a\000c\000e\000n\000a\000m\000e\000=\000N\000o\000n\000e\000\051}{subsection.6.9.1}% 108
\BOOKMARK [2][-]{subsection.6.9.2}{\376\377\0006\000.\0009\000.\0002\000\040\000V\000a\000r\000i\000a\000b\000l\000e\000\040\000D\000o\000c\000u\000m\000e\000n\000t\000a\000t\000i\000o\000n}{section.6.9}% 109
\BOOKMARK [3][-]{subsubsection.6.9.2.1}{\376\377\0006\000.\0009\000.\0002\000.\0001\000\040\000a\000u\000t\000h\000o\000r}{subsection.6.9.2}% 110
\BOOKMARK [3][-]{subsubsection.6.9.2.2}{\376\377\0006\000.\0009\000.\0002\000.\0002\000\040\000t\000i\000t\000l\000e}{subsection.6.9.2}% 111
\BOOKMARK [3][-]{subsubsection.6.9.2.3}{\376\377\0006\000.\0009\000.\0002\000.\0003\000\040\000u\000r\000l}{subsection.6.9.2}% 112
\BOOKMARK [1][-]{section.6.10}{\376\377\0006\000.\0001\0000\000\040\000U\000S\000h\000a\000p\000e\000R\000e\000b\000a\000r\000\040\000N\000a\000m\000e\000s\000p\000a\000c\000e\000\040\000R\000e\000f\000e\000r\000e\000n\000c\000e}{chapter.6}% 113
\BOOKMARK [2][-]{subsection.6.10.1}{\376\377\0006\000.\0001\0000\000.\0001\000\040\000F\000u\000n\000c\000t\000i\000o\000n\000\040\000D\000o\000c\000u\000m\000e\000n\000t\000a\000t\000i\000o\000n}{section.6.10}% 114
\BOOKMARK [3][-]{subsubsection.6.10.1.1}{\376\377\0006\000.\0001\0000\000.\0001\000.\0001\000\040\000C\000o\000m\000m\000a\000n\000d\000U\000S\000h\000a\000p\000e\000R\000e\000b\000a\000r\000\050\000\051}{subsection.6.10.1}% 115
\BOOKMARK [3][-]{subsubsection.6.10.1.2}{\376\377\0006\000.\0001\0000\000.\0001\000.\0002\000\040\000e\000d\000i\000t\000D\000i\000a\000l\000o\000g\000\050\000v\000o\000b\000j\000\051}{subsection.6.10.1}% 116
\BOOKMARK [3][-]{subsubsection.6.10.1.3}{\376\377\0006\000.\0001\0000\000.\0001\000.\0003\000\040\000e\000d\000i\000t\000U\000S\000h\000a\000p\000e\000R\000e\000b\000a\000r\000\050\000R\000e\000b\000a\000r\000,\000\040\000f\000c\000o\000v\000e\000r\000,\000\040\000b\000c\000o\000v\000e\000r\000,\000\040\000r\000c\000o\000v\000e\000r\000,\000\040\000l\000c\000o\000v\000e\000r\000,\000\040\000d\000i\000a\000m\000e\000t\000e\000r\000,\000\040\000t\000c\000o\000v\000e\000r\000,\000\040\000r\000o\000u\000n\000d\000i\000n\000g\000,\000\040\000a\000m\000o\000u\000n\000t\000s\000p\000a\000c\000i\000n\000g\000c\000h\000e\000c\000k\000,\000\040\000a\000m\000o\000u\000n\000t\000s\000p\000a\000c\000i\000n\000g\000v\000a\000l\000u\000e\000,\000\040\000o\000r\000i\000e\000n\000t\000a\000t\000i\000o\000n\000,\000\040\000s\000t\000r\000u\000c\000t\000u\000r\000e\000=\000N\000o\000n\000e\000,\000\040\000f\000a\000c\000e\000n\000a\000m\000e\000=\000N\000o\000n\000e\000\051}{subsection.6.10.1}% 117
\BOOKMARK [3][-]{subsubsection.6.10.1.4}{\376\377\0006\000.\0001\0000\000.\0001\000.\0004\000\040\000g\000e\000t\000p\000o\000i\000n\000t\000s\000O\000f\000U\000S\000h\000a\000p\000e\000R\000e\000b\000a\000r\000\050\000F\000a\000c\000e\000P\000R\000M\000,\000\040\000r\000c\000o\000v\000e\000r\000,\000\040\000l\000c\000o\000v\000e\000r\000,\000\040\000b\000c\000o\000v\000e\000r\000,\000\040\000t\000c\000o\000v\000e\000r\000,\000\040\000o\000r\000i\000e\000n\000t\000a\000t\000i\000o\000n\000\051}{subsection.6.10.1}% 118
\BOOKMARK [3][-]{subsubsection.6.10.1.5}{\376\377\0006\000.\0001\0000\000.\0001\000.\0005\000\040\000m\000a\000k\000e\000U\000S\000h\000a\000p\000e\000R\000e\000b\000a\000r\000\050\000f\000c\000o\000v\000e\000r\000,\000\040\000b\000c\000o\000v\000e\000r\000,\000\040\000r\000c\000o\000v\000e\000r\000,\000\040\000l\000c\000o\000v\000e\000r\000,\000\040\000d\000i\000a\000m\000e\000t\000e\000r\000,\000\040\000t\000c\000o\000v\000e\000r\000,\000\040\000r\000o\000u\000n\000d\000i\000n\000g\000,\000\040\000a\000m\000o\000u\000n\000t\000s\000p\000a\000c\000i\000n\000g\000c\000h\000e\000c\000k\000,\000\040\000a\000m\000o\000u\000n\000t\000s\000p\000a\000c\000i\000n\000g\000v\000a\000l\000u\000e\000,\000\040\000o\000r\000i\000e\000n\000t\000a\000t\000i\000o\000n\000=\000"\000B\000o\000t\000t\000o\000m\000"\000,\000\040\000s\000t\000r\000u\000c\000t\000u\000r\000e\000=\000N\000o\000n\000e\000,\000\040\000f\000a\000c\000e\000n\000a\000m\000e\000=\000N\000o\000n\000e\000\051}{subsection.6.10.1}% 119
\BOOKMARK [2][-]{subsection.6.10.2}{\376\377\0006\000.\0001\0000\000.\0002\000\040\000V\000a\000r\000i\000a\000b\000l\000e\000\040\000D\000o\000c\000u\000m\000e\000n\000t\000a\000t\000i\000o\000n}{section.6.10}% 120
\BOOKMARK [3][-]{subsubsection.6.10.2.1}{\376\377\0006\000.\0001\0000\000.\0002\000.\0001\000\040\000a\000u\000t\000h\000o\000r}{subsection.6.10.2}% 121
\BOOKMARK [3][-]{subsubsection.6.10.2.2}{\376\377\0006\000.\0001\0000\000.\0002\000.\0002\000\040\000t\000i\000t\000l\000e}{subsection.6.10.2}% 122
\BOOKMARK [3][-]{subsubsection.6.10.2.3}{\376\377\0006\000.\0001\0000\000.\0002\000.\0003\000\040\000u\000r\000l}{subsection.6.10.2}% 123
\BOOKMARK [0][-]{chapter.7}{\376\377\0007\000\040\000C\000l\000a\000s\000s\000\040\000D\000o\000c\000u\000m\000e\000n\000t\000a\000t\000i\000o\000n}{}% 124
\BOOKMARK [1][-]{section.7.1}{\376\377\0007\000.\0001\000\040\000B\000e\000n\000t\000S\000h\000a\000p\000e\000R\000e\000b\000a\000r\000.\000\137\000B\000e\000n\000t\000S\000h\000a\000p\000e\000R\000e\000b\000a\000r\000T\000a\000s\000k\000P\000a\000n\000e\000l\000\040\000C\000l\000a\000s\000s\000\040\000R\000e\000f\000e\000r\000e\000n\000c\000e}{chapter.7}% 125
\BOOKMARK [2][-]{subsection.7.1.1}{\376\377\0007\000.\0001\000.\0001\000\040\000D\000e\000t\000a\000i\000l\000e\000d\000\040\000D\000e\000s\000c\000r\000i\000p\000t\000i\000o\000n}{section.7.1}% 126
\BOOKMARK [2][-]{subsection.7.1.2}{\376\377\0007\000.\0001\000.\0002\000\040\000C\000o\000n\000s\000t\000r\000u\000c\000t\000o\000r\000\040\000\046\000\040\000D\000e\000s\000t\000r\000u\000c\000t\000o\000r\000\040\000D\000o\000c\000u\000m\000e\000n\000t\000a\000t\000i\000o\000n}{section.7.1}% 127
\BOOKMARK [3][-]{subsubsection.7.1.2.1}{\376\377\0007\000.\0001\000.\0002\000.\0001\000\040\000i\000n\000i\000t\000\050\000s\000e\000l\000f\000,\000\040\000R\000e\000b\000a\000r\000=\000N\000o\000n\000e\000\051}{subsection.7.1.2}% 128
\BOOKMARK [2][-]{subsection.7.1.3}{\376\377\0007\000.\0001\000.\0003\000\040\000M\000e\000m\000b\000e\000r\000\040\000F\000u\000n\000c\000t\000i\000o\000n\000\040\000D\000o\000c\000u\000m\000e\000n\000t\000a\000t\000i\000o\000n}{section.7.1}% 129
\BOOKMARK [3][-]{subsubsection.7.1.3.1}{\376\377\0007\000.\0001\000.\0003\000.\0001\000\040\000a\000c\000c\000e\000p\000t\000\050\000s\000e\000l\000f\000,\000\040\000s\000i\000g\000n\000a\000l\000=\000N\000o\000n\000e\000\051}{subsection.7.1.3}% 130
\BOOKMARK [3][-]{subsubsection.7.1.3.2}{\376\377\0007\000.\0001\000.\0003\000.\0002\000\040\000a\000m\000o\000u\000n\000t\000r\000a\000d\000i\000o\000c\000l\000i\000c\000k\000e\000d\000\050\000s\000e\000l\000f\000\051}{subsection.7.1.3}% 131
\BOOKMARK [3][-]{subsubsection.7.1.3.3}{\376\377\0007\000.\0001\000.\0003\000.\0003\000\040\000c\000l\000i\000c\000k\000e\000d\000\050\000s\000e\000l\000f\000,\000\040\000b\000u\000t\000t\000o\000n\000\051}{subsection.7.1.3}% 132
\BOOKMARK [3][-]{subsubsection.7.1.3.4}{\376\377\0007\000.\0001\000.\0003\000.\0004\000\040\000g\000e\000t\000O\000r\000i\000e\000n\000t\000a\000t\000i\000o\000n\000\050\000s\000e\000l\000f\000\051}{subsection.7.1.3}% 133
\BOOKMARK [3][-]{subsubsection.7.1.3.5}{\376\377\0007\000.\0001\000.\0003\000.\0005\000\040\000g\000e\000t\000S\000t\000a\000n\000d\000a\000r\000d\000B\000u\000t\000t\000o\000n\000s\000\050\000s\000e\000l\000f\000\051}{subsection.7.1.3}% 134
\BOOKMARK [3][-]{subsubsection.7.1.3.6}{\376\377\0007\000.\0001\000.\0003\000.\0006\000\040\000s\000p\000a\000c\000i\000n\000g\000r\000a\000d\000i\000o\000c\000l\000i\000c\000k\000e\000d\000\050\000s\000e\000l\000f\000\051}{subsection.7.1.3}% 135
\BOOKMARK [2][-]{subsection.7.1.4}{\376\377\0007\000.\0001\000.\0004\000\040\000M\000e\000m\000b\000e\000r\000\040\000D\000a\000t\000a\000\040\000D\000o\000c\000u\000m\000e\000n\000t\000a\000t\000i\000o\000n}{section.7.1}% 136
\BOOKMARK [3][-]{subsubsection.7.1.4.1}{\376\377\0007\000.\0001\000.\0004\000.\0001\000\040\000F\000a\000c\000e\000N\000a\000m\000e}{subsection.7.1.4}% 137
\BOOKMARK [3][-]{subsubsection.7.1.4.2}{\376\377\0007\000.\0001\000.\0004\000.\0002\000\040\000f\000o\000r\000m}{subsection.7.1.4}% 138
\BOOKMARK [3][-]{subsubsection.7.1.4.3}{\376\377\0007\000.\0001\000.\0004\000.\0003\000\040\000R\000e\000b\000a\000r}{subsection.7.1.4}% 139
\BOOKMARK [3][-]{subsubsection.7.1.4.4}{\376\377\0007\000.\0001\000.\0004\000.\0004\000\040\000S\000e\000l\000e\000c\000t\000e\000d\000O\000b\000j}{subsection.7.1.4}% 140
\BOOKMARK [1][-]{section.7.2}{\376\377\0007\000.\0002\000\040\000H\000e\000l\000i\000c\000a\000l\000R\000e\000b\000a\000r\000.\000\137\000H\000e\000l\000i\000c\000a\000l\000R\000e\000b\000a\000r\000T\000a\000s\000k\000P\000a\000n\000e\000l\000\040\000C\000l\000a\000s\000s\000\040\000R\000e\000f\000e\000r\000e\000n\000c\000e}{chapter.7}% 141
\BOOKMARK [2][-]{subsection.7.2.1}{\376\377\0007\000.\0002\000.\0001\000\040\000D\000e\000t\000a\000i\000l\000e\000d\000\040\000D\000e\000s\000c\000r\000i\000p\000t\000i\000o\000n}{section.7.2}% 142
\BOOKMARK [2][-]{subsection.7.2.2}{\376\377\0007\000.\0002\000.\0002\000\040\000C\000o\000n\000s\000t\000r\000u\000c\000t\000o\000r\000\040\000\046\000\040\000D\000e\000s\000t\000r\000u\000c\000t\000o\000r\000\040\000D\000o\000c\000u\000m\000e\000n\000t\000a\000t\000i\000o\000n}{section.7.2}% 143
\BOOKMARK [3][-]{subsubsection.7.2.2.1}{\376\377\0007\000.\0002\000.\0002\000.\0001\000\040\000i\000n\000i\000t\000\050\000s\000e\000l\000f\000,\000\040\000R\000e\000b\000a\000r\000=\000N\000o\000n\000e\000\051}{subsection.7.2.2}% 144
\BOOKMARK [2][-]{subsection.7.2.3}{\376\377\0007\000.\0002\000.\0003\000\040\000M\000e\000m\000b\000e\000r\000\040\000F\000u\000n\000c\000t\000i\000o\000n\000\040\000D\000o\000c\000u\000m\000e\000n\000t\000a\000t\000i\000o\000n}{section.7.2}% 145
\BOOKMARK [3][-]{subsubsection.7.2.3.1}{\376\377\0007\000.\0002\000.\0003\000.\0001\000\040\000a\000c\000c\000e\000p\000t\000\050\000s\000e\000l\000f\000,\000\040\000s\000i\000g\000n\000a\000l\000=\000N\000o\000n\000e\000\051}{subsection.7.2.3}% 146
\BOOKMARK [3][-]{subsubsection.7.2.3.2}{\376\377\0007\000.\0002\000.\0003\000.\0002\000\040\000c\000l\000i\000c\000k\000e\000d\000\050\000s\000e\000l\000f\000,\000\040\000b\000u\000t\000t\000o\000n\000\051}{subsection.7.2.3}% 147
\BOOKMARK [3][-]{subsubsection.7.2.3.3}{\376\377\0007\000.\0002\000.\0003\000.\0003\000\040\000g\000e\000t\000S\000e\000l\000e\000c\000t\000e\000d\000F\000a\000c\000e\000\050\000s\000e\000l\000f\000\051}{subsection.7.2.3}% 148
\BOOKMARK [3][-]{subsubsection.7.2.3.4}{\376\377\0007\000.\0002\000.\0003\000.\0004\000\040\000g\000e\000t\000S\000t\000a\000n\000d\000a\000r\000d\000B\000u\000t\000t\000o\000n\000s\000\050\000s\000e\000l\000f\000\051}{subsection.7.2.3}% 149
\BOOKMARK [2][-]{subsection.7.2.4}{\376\377\0007\000.\0002\000.\0004\000\040\000M\000e\000m\000b\000e\000r\000\040\000D\000a\000t\000a\000\040\000D\000o\000c\000u\000m\000e\000n\000t\000a\000t\000i\000o\000n}{section.7.2}% 150
\BOOKMARK [3][-]{subsubsection.7.2.4.1}{\376\377\0007\000.\0002\000.\0004\000.\0001\000\040\000F\000a\000c\000e\000N\000a\000m\000e}{subsection.7.2.4}% 151
\BOOKMARK [3][-]{subsubsection.7.2.4.2}{\376\377\0007\000.\0002\000.\0004\000.\0002\000\040\000f\000o\000r\000m}{subsection.7.2.4}% 152
\BOOKMARK [3][-]{subsubsection.7.2.4.3}{\376\377\0007\000.\0002\000.\0004\000.\0003\000\040\000R\000e\000b\000a\000r}{subsection.7.2.4}% 153
\BOOKMARK [3][-]{subsubsection.7.2.4.4}{\376\377\0007\000.\0002\000.\0004\000.\0004\000\040\000S\000e\000l\000e\000c\000t\000e\000d\000O\000b\000j}{subsection.7.2.4}% 154
\BOOKMARK [1][-]{section.7.3}{\376\377\0007\000.\0003\000\040\000L\000S\000h\000a\000p\000e\000R\000e\000b\000a\000r\000.\000\137\000L\000S\000h\000a\000p\000e\000R\000e\000b\000a\000r\000T\000a\000s\000k\000P\000a\000n\000e\000l\000\040\000C\000l\000a\000s\000s\000\040\000R\000e\000f\000e\000r\000e\000n\000c\000e}{chapter.7}% 155
\BOOKMARK [2][-]{subsection.7.3.1}{\376\377\0007\000.\0003\000.\0001\000\040\000D\000e\000t\000a\000i\000l\000e\000d\000\040\000D\000e\000s\000c\000r\000i\000p\000t\000i\000o\000n}{section.7.3}% 156
\BOOKMARK [2][-]{subsection.7.3.2}{\376\377\0007\000.\0003\000.\0002\000\040\000C\000o\000n\000s\000t\000r\000u\000c\000t\000o\000r\000\040\000\046\000\040\000D\000e\000s\000t\000r\000u\000c\000t\000o\000r\000\040\000D\000o\000c\000u\000m\000e\000n\000t\000a\000t\000i\000o\000n}{section.7.3}% 157
\BOOKMARK [3][-]{subsubsection.7.3.2.1}{\376\377\0007\000.\0003\000.\0002\000.\0001\000\040\000i\000n\000i\000t\000\050\000s\000e\000l\000f\000,\000\040\000R\000e\000b\000a\000r\000=\000N\000o\000n\000e\000\051}{subsection.7.3.2}% 158
\BOOKMARK [2][-]{subsection.7.3.3}{\376\377\0007\000.\0003\000.\0003\000\040\000M\000e\000m\000b\000e\000r\000\040\000F\000u\000n\000c\000t\000i\000o\000n\000\040\000D\000o\000c\000u\000m\000e\000n\000t\000a\000t\000i\000o\000n}{section.7.3}% 159
\BOOKMARK [3][-]{subsubsection.7.3.3.1}{\376\377\0007\000.\0003\000.\0003\000.\0001\000\040\000a\000c\000c\000e\000p\000t\000\050\000s\000e\000l\000f\000,\000\040\000s\000i\000g\000n\000a\000l\000=\000N\000o\000n\000e\000\051}{subsection.7.3.3}% 160
\BOOKMARK [3][-]{subsubsection.7.3.3.2}{\376\377\0007\000.\0003\000.\0003\000.\0002\000\040\000a\000m\000o\000u\000n\000t\000r\000a\000d\000i\000o\000c\000l\000i\000c\000k\000e\000d\000\050\000s\000e\000l\000f\000\051}{subsection.7.3.3}% 161
\BOOKMARK [3][-]{subsubsection.7.3.3.3}{\376\377\0007\000.\0003\000.\0003\000.\0003\000\040\000c\000l\000i\000c\000k\000e\000d\000\050\000s\000e\000l\000f\000,\000\040\000b\000u\000t\000t\000o\000n\000\051}{subsection.7.3.3}% 162
\BOOKMARK [3][-]{subsubsection.7.3.3.4}{\376\377\0007\000.\0003\000.\0003\000.\0004\000\040\000g\000e\000t\000O\000r\000i\000e\000n\000t\000a\000t\000i\000o\000n\000\050\000s\000e\000l\000f\000\051}{subsection.7.3.3}% 163
\BOOKMARK [3][-]{subsubsection.7.3.3.5}{\376\377\0007\000.\0003\000.\0003\000.\0005\000\040\000g\000e\000t\000S\000t\000a\000n\000d\000a\000r\000d\000B\000u\000t\000t\000o\000n\000s\000\050\000s\000e\000l\000f\000\051}{subsection.7.3.3}% 164
\BOOKMARK [3][-]{subsubsection.7.3.3.6}{\376\377\0007\000.\0003\000.\0003\000.\0006\000\040\000s\000p\000a\000c\000i\000n\000g\000r\000a\000d\000i\000o\000c\000l\000i\000c\000k\000e\000d\000\050\000s\000e\000l\000f\000\051}{subsection.7.3.3}% 165
\BOOKMARK [2][-]{subsection.7.3.4}{\376\377\0007\000.\0003\000.\0004\000\040\000M\000e\000m\000b\000e\000r\000\040\000D\000a\000t\000a\000\040\000D\000o\000c\000u\000m\000e\000n\000t\000a\000t\000i\000o\000n}{section.7.3}% 166
\BOOKMARK [3][-]{subsubsection.7.3.4.1}{\376\377\0007\000.\0003\000.\0004\000.\0001\000\040\000C\000u\000s\000t\000o\000m\000S\000p\000a\000c\000i\000n\000g}{subsection.7.3.4}% 167
\BOOKMARK [3][-]{subsubsection.7.3.4.2}{\376\377\0007\000.\0003\000.\0004\000.\0002\000\040\000F\000a\000c\000e\000N\000a\000m\000e}{subsection.7.3.4}% 168
\BOOKMARK [3][-]{subsubsection.7.3.4.3}{\376\377\0007\000.\0003\000.\0004\000.\0003\000\040\000f\000o\000r\000m}{subsection.7.3.4}% 169
\BOOKMARK [3][-]{subsubsection.7.3.4.4}{\376\377\0007\000.\0003\000.\0004\000.\0004\000\040\000R\000e\000b\000a\000r}{subsection.7.3.4}% 170
\BOOKMARK [3][-]{subsubsection.7.3.4.5}{\376\377\0007\000.\0003\000.\0004\000.\0005\000\040\000S\000e\000l\000e\000c\000t\000e\000d\000O\000b\000j}{subsection.7.3.4}% 171
\BOOKMARK [1][-]{section.7.4}{\376\377\0007\000.\0004\000\040\000R\000e\000b\000a\000r\000D\000i\000s\000t\000r\000i\000b\000u\000t\000i\000o\000n\000.\000\137\000R\000e\000b\000a\000r\000D\000i\000s\000t\000r\000i\000b\000u\000t\000i\000o\000n\000D\000i\000a\000l\000o\000g\000\040\000C\000l\000a\000s\000s\000\040\000R\000e\000f\000e\000r\000e\000n\000c\000e}{chapter.7}% 172
\BOOKMARK [2][-]{subsection.7.4.1}{\376\377\0007\000.\0004\000.\0001\000\040\000D\000e\000t\000a\000i\000l\000e\000d\000\040\000D\000e\000s\000c\000r\000i\000p\000t\000i\000o\000n}{section.7.4}% 173
\BOOKMARK [2][-]{subsection.7.4.2}{\376\377\0007\000.\0004\000.\0002\000\040\000C\000o\000n\000s\000t\000r\000u\000c\000t\000o\000r\000\040\000\046\000\040\000D\000e\000s\000t\000r\000u\000c\000t\000o\000r\000\040\000D\000o\000c\000u\000m\000e\000n\000t\000a\000t\000i\000o\000n}{section.7.4}% 174
\BOOKMARK [3][-]{subsubsection.7.4.2.1}{\376\377\0007\000.\0004\000.\0002\000.\0001\000\040\000i\000n\000i\000t\000\050\000s\000e\000l\000f\000,\000\040\000f\000r\000o\000n\000t\000C\000o\000v\000e\000r\000,\000\040\000s\000i\000z\000e\000\051}{subsection.7.4.2}% 175
\BOOKMARK [2][-]{subsection.7.4.3}{\376\377\0007\000.\0004\000.\0003\000\040\000M\000e\000m\000b\000e\000r\000\040\000F\000u\000n\000c\000t\000i\000o\000n\000\040\000D\000o\000c\000u\000m\000e\000n\000t\000a\000t\000i\000o\000n}{section.7.4}% 176
\BOOKMARK [3][-]{subsubsection.7.4.3.1}{\376\377\0007\000.\0004\000.\0003\000.\0001\000\040\000a\000c\000c\000e\000p\000t\000\050\000s\000e\000l\000f\000\051}{subsection.7.4.3}% 177
\BOOKMARK [3][-]{subsubsection.7.4.3.2}{\376\377\0007\000.\0004\000.\0003\000.\0002\000\040\000s\000e\000t\000u\000p\000U\000i\000\050\000s\000e\000l\000f\000\051}{subsection.7.4.3}% 178
\BOOKMARK [2][-]{subsection.7.4.4}{\376\377\0007\000.\0004\000.\0004\000\040\000M\000e\000m\000b\000e\000r\000\040\000D\000a\000t\000a\000\040\000D\000o\000c\000u\000m\000e\000n\000t\000a\000t\000i\000o\000n}{section.7.4}% 179
\BOOKMARK [3][-]{subsubsection.7.4.4.1}{\376\377\0007\000.\0004\000.\0004\000.\0001\000\040\000C\000u\000s\000t\000o\000m\000S\000p\000a\000c\000i\000n\000g}{subsection.7.4.4}% 180
\BOOKMARK [3][-]{subsubsection.7.4.4.2}{\376\377\0007\000.\0004\000.\0004\000.\0002\000\040\000E\000x\000p\000a\000n\000d\000i\000n\000g\000L\000e\000n\000g\000t\000h}{subsection.7.4.4}% 181
\BOOKMARK [3][-]{subsubsection.7.4.4.3}{\376\377\0007\000.\0004\000.\0004\000.\0003\000\040\000f\000o\000r\000m}{subsection.7.4.4}% 182
\BOOKMARK [3][-]{subsubsection.7.4.4.4}{\376\377\0007\000.\0004\000.\0004\000.\0004\000\040\000F\000r\000o\000n\000t\000C\000o\000v\000e\000r}{subsection.7.4.4}% 183
\BOOKMARK [1][-]{section.7.5}{\376\377\0007\000.\0005\000\040\000S\000t\000i\000r\000r\000u\000p\000.\000\137\000S\000t\000i\000r\000r\000u\000p\000T\000a\000s\000k\000P\000a\000n\000e\000l\000\040\000C\000l\000a\000s\000s\000\040\000R\000e\000f\000e\000r\000e\000n\000c\000e}{chapter.7}% 184
\BOOKMARK [2][-]{subsection.7.5.1}{\376\377\0007\000.\0005\000.\0001\000\040\000D\000e\000t\000a\000i\000l\000e\000d\000\040\000D\000e\000s\000c\000r\000i\000p\000t\000i\000o\000n}{section.7.5}% 185
\BOOKMARK [2][-]{subsection.7.5.2}{\376\377\0007\000.\0005\000.\0002\000\040\000C\000o\000n\000s\000t\000r\000u\000c\000t\000o\000r\000\040\000\046\000\040\000D\000e\000s\000t\000r\000u\000c\000t\000o\000r\000\040\000D\000o\000c\000u\000m\000e\000n\000t\000a\000t\000i\000o\000n}{section.7.5}% 186
\BOOKMARK [3][-]{subsubsection.7.5.2.1}{\376\377\0007\000.\0005\000.\0002\000.\0001\000\040\000i\000n\000i\000t\000\050\000s\000e\000l\000f\000,\000\040\000R\000e\000b\000a\000r\000=\000N\000o\000n\000e\000\051}{subsection.7.5.2}% 187
\BOOKMARK [2][-]{subsection.7.5.3}{\376\377\0007\000.\0005\000.\0003\000\040\000M\000e\000m\000b\000e\000r\000\040\000F\000u\000n\000c\000t\000i\000o\000n\000\040\000D\000o\000c\000u\000m\000e\000n\000t\000a\000t\000i\000o\000n}{section.7.5}% 188
\BOOKMARK [3][-]{subsubsection.7.5.3.1}{\376\377\0007\000.\0005\000.\0003\000.\0001\000\040\000a\000c\000c\000e\000p\000t\000\050\000s\000e\000l\000f\000,\000\040\000s\000i\000g\000n\000a\000l\000=\000N\000o\000n\000e\000\051}{subsection.7.5.3}% 189
\BOOKMARK [3][-]{subsubsection.7.5.3.2}{\376\377\0007\000.\0005\000.\0003\000.\0002\000\040\000a\000m\000o\000u\000n\000t\000r\000a\000d\000i\000o\000c\000l\000i\000c\000k\000e\000d\000\050\000s\000e\000l\000f\000\051}{subsection.7.5.3}% 190
\BOOKMARK [3][-]{subsubsection.7.5.3.3}{\376\377\0007\000.\0005\000.\0003\000.\0003\000\040\000c\000l\000i\000c\000k\000e\000d\000\050\000s\000e\000l\000f\000,\000\040\000b\000u\000t\000t\000o\000n\000\051}{subsection.7.5.3}% 191
\BOOKMARK [3][-]{subsubsection.7.5.3.4}{\376\377\0007\000.\0005\000.\0003\000.\0004\000\040\000g\000e\000t\000S\000t\000a\000n\000d\000a\000r\000d\000B\000u\000t\000t\000o\000n\000s\000\050\000s\000e\000l\000f\000\051}{subsection.7.5.3}% 192
\BOOKMARK [3][-]{subsubsection.7.5.3.5}{\376\377\0007\000.\0005\000.\0003\000.\0005\000\040\000s\000p\000a\000c\000i\000n\000g\000r\000a\000d\000i\000o\000c\000l\000i\000c\000k\000e\000d\000\050\000s\000e\000l\000f\000\051}{subsection.7.5.3}% 193
\BOOKMARK [2][-]{subsection.7.5.4}{\376\377\0007\000.\0005\000.\0004\000\040\000M\000e\000m\000b\000e\000r\000\040\000D\000a\000t\000a\000\040\000D\000o\000c\000u\000m\000e\000n\000t\000a\000t\000i\000o\000n}{section.7.5}% 194
\BOOKMARK [3][-]{subsubsection.7.5.4.1}{\376\377\0007\000.\0005\000.\0004\000.\0001\000\040\000C\000u\000s\000t\000o\000m\000S\000p\000a\000c\000i\000n\000g}{subsection.7.5.4}% 195
\BOOKMARK [3][-]{subsubsection.7.5.4.2}{\376\377\0007\000.\0005\000.\0004\000.\0002\000\040\000F\000a\000c\000e\000N\000a\000m\000e}{subsection.7.5.4}% 196
\BOOKMARK [3][-]{subsubsection.7.5.4.3}{\376\377\0007\000.\0005\000.\0004\000.\0003\000\040\000f\000o\000r\000m}{subsection.7.5.4}% 197
\BOOKMARK [3][-]{subsubsection.7.5.4.4}{\376\377\0007\000.\0005\000.\0004\000.\0004\000\040\000R\000e\000b\000a\000r}{subsection.7.5.4}% 198
\BOOKMARK [3][-]{subsubsection.7.5.4.5}{\376\377\0007\000.\0005\000.\0004\000.\0005\000\040\000S\000e\000l\000e\000c\000t\000e\000d\000O\000b\000j}{subsection.7.5.4}% 199
\BOOKMARK [1][-]{section.7.6}{\376\377\0007\000.\0006\000\040\000S\000t\000r\000a\000i\000g\000h\000t\000R\000e\000b\000a\000r\000.\000\137\000S\000t\000r\000a\000i\000g\000h\000t\000R\000e\000b\000a\000r\000T\000a\000s\000k\000P\000a\000n\000e\000l\000\040\000C\000l\000a\000s\000s\000\040\000R\000e\000f\000e\000r\000e\000n\000c\000e}{chapter.7}% 200
\BOOKMARK [2][-]{subsection.7.6.1}{\376\377\0007\000.\0006\000.\0001\000\040\000D\000e\000t\000a\000i\000l\000e\000d\000\040\000D\000e\000s\000c\000r\000i\000p\000t\000i\000o\000n}{section.7.6}% 201
\BOOKMARK [2][-]{subsection.7.6.2}{\376\377\0007\000.\0006\000.\0002\000\040\000C\000o\000n\000s\000t\000r\000u\000c\000t\000o\000r\000\040\000\046\000\040\000D\000e\000s\000t\000r\000u\000c\000t\000o\000r\000\040\000D\000o\000c\000u\000m\000e\000n\000t\000a\000t\000i\000o\000n}{section.7.6}% 202
\BOOKMARK [3][-]{subsubsection.7.6.2.1}{\376\377\0007\000.\0006\000.\0002\000.\0001\000\040\000i\000n\000i\000t\000\050\000s\000e\000l\000f\000,\000\040\000R\000e\000b\000a\000r\000=\000N\000o\000n\000e\000\051}{subsection.7.6.2}% 203
\BOOKMARK [2][-]{subsection.7.6.3}{\376\377\0007\000.\0006\000.\0003\000\040\000M\000e\000m\000b\000e\000r\000\040\000F\000u\000n\000c\000t\000i\000o\000n\000\040\000D\000o\000c\000u\000m\000e\000n\000t\000a\000t\000i\000o\000n}{section.7.6}% 204
\BOOKMARK [3][-]{subsubsection.7.6.3.1}{\376\377\0007\000.\0006\000.\0003\000.\0001\000\040\000a\000c\000c\000e\000p\000t\000\050\000s\000e\000l\000f\000,\000\040\000s\000i\000g\000n\000a\000l\000=\000N\000o\000n\000e\000\051}{subsection.7.6.3}% 205
\BOOKMARK [3][-]{subsubsection.7.6.3.2}{\376\377\0007\000.\0006\000.\0003\000.\0002\000\040\000a\000m\000o\000u\000n\000t\000r\000a\000d\000i\000o\000c\000l\000i\000c\000k\000e\000d\000\050\000s\000e\000l\000f\000\051}{subsection.7.6.3}% 206
\BOOKMARK [3][-]{subsubsection.7.6.3.3}{\376\377\0007\000.\0006\000.\0003\000.\0003\000\040\000c\000h\000a\000n\000g\000e\000C\000o\000v\000e\000r\000A\000l\000o\000n\000g\000\050\000s\000e\000l\000f\000\051}{subsection.7.6.3}% 207
\BOOKMARK [3][-]{subsubsection.7.6.3.4}{\376\377\0007\000.\0006\000.\0003\000.\0004\000\040\000c\000h\000a\000n\000g\000e\000O\000r\000i\000e\000n\000t\000a\000t\000i\000o\000n\000\050\000s\000e\000l\000f\000\051}{subsection.7.6.3}% 208
\BOOKMARK [3][-]{subsubsection.7.6.3.5}{\376\377\0007\000.\0006\000.\0003\000.\0005\000\040\000c\000l\000i\000c\000k\000e\000d\000\050\000s\000e\000l\000f\000,\000\040\000b\000u\000t\000t\000o\000n\000\051}{subsection.7.6.3}% 209
\BOOKMARK [3][-]{subsubsection.7.6.3.6}{\376\377\0007\000.\0006\000.\0003\000.\0006\000\040\000g\000e\000t\000S\000t\000a\000n\000d\000a\000r\000d\000B\000u\000t\000t\000o\000n\000s\000\050\000s\000e\000l\000f\000\051}{subsection.7.6.3}% 210
\BOOKMARK [3][-]{subsubsection.7.6.3.7}{\376\377\0007\000.\0006\000.\0003\000.\0007\000\040\000s\000p\000a\000c\000i\000n\000g\000r\000a\000d\000i\000o\000c\000l\000i\000c\000k\000e\000d\000\050\000s\000e\000l\000f\000\051}{subsection.7.6.3}% 211
\BOOKMARK [2][-]{subsection.7.6.4}{\376\377\0007\000.\0006\000.\0004\000\040\000M\000e\000m\000b\000e\000r\000\040\000D\000a\000t\000a\000\040\000D\000o\000c\000u\000m\000e\000n\000t\000a\000t\000i\000o\000n}{section.7.6}% 212
\BOOKMARK [3][-]{subsubsection.7.6.4.1}{\376\377\0007\000.\0006\000.\0004\000.\0001\000\040\000C\000u\000s\000t\000o\000m\000S\000p\000a\000c\000i\000n\000g}{subsection.7.6.4}% 213
\BOOKMARK [3][-]{subsubsection.7.6.4.2}{\376\377\0007\000.\0006\000.\0004\000.\0002\000\040\000F\000a\000c\000e\000N\000a\000m\000e}{subsection.7.6.4}% 214
\BOOKMARK [3][-]{subsubsection.7.6.4.3}{\376\377\0007\000.\0006\000.\0004\000.\0003\000\040\000f\000o\000r\000m}{subsection.7.6.4}% 215
\BOOKMARK [3][-]{subsubsection.7.6.4.4}{\376\377\0007\000.\0006\000.\0004\000.\0004\000\040\000R\000e\000b\000a\000r}{subsection.7.6.4}% 216
\BOOKMARK [3][-]{subsubsection.7.6.4.5}{\376\377\0007\000.\0006\000.\0004\000.\0005\000\040\000S\000e\000l\000e\000c\000t\000e\000d\000O\000b\000j}{subsection.7.6.4}% 217
\BOOKMARK [1][-]{section.7.7}{\376\377\0007\000.\0007\000\040\000U\000S\000h\000a\000p\000e\000R\000e\000b\000a\000r\000.\000\137\000U\000S\000h\000a\000p\000e\000R\000e\000b\000a\000r\000T\000a\000s\000k\000P\000a\000n\000e\000l\000\040\000C\000l\000a\000s\000s\000\040\000R\000e\000f\000e\000r\000e\000n\000c\000e}{chapter.7}% 218
\BOOKMARK [2][-]{subsection.7.7.1}{\376\377\0007\000.\0007\000.\0001\000\040\000D\000e\000t\000a\000i\000l\000e\000d\000\040\000D\000e\000s\000c\000r\000i\000p\000t\000i\000o\000n}{section.7.7}% 219
\BOOKMARK [2][-]{subsection.7.7.2}{\376\377\0007\000.\0007\000.\0002\000\040\000C\000o\000n\000s\000t\000r\000u\000c\000t\000o\000r\000\040\000\046\000\040\000D\000e\000s\000t\000r\000u\000c\000t\000o\000r\000\040\000D\000o\000c\000u\000m\000e\000n\000t\000a\000t\000i\000o\000n}{section.7.7}% 220
\BOOKMARK [3][-]{subsubsection.7.7.2.1}{\376\377\0007\000.\0007\000.\0002\000.\0001\000\040\000i\000n\000i\000t\000\050\000s\000e\000l\000f\000,\000\040\000R\000e\000b\000a\000r\000=\000N\000o\000n\000e\000\051}{subsection.7.7.2}% 221
\BOOKMARK [2][-]{subsection.7.7.3}{\376\377\0007\000.\0007\000.\0003\000\040\000M\000e\000m\000b\000e\000r\000\040\000F\000u\000n\000c\000t\000i\000o\000n\000\040\000D\000o\000c\000u\000m\000e\000n\000t\000a\000t\000i\000o\000n}{section.7.7}% 222
\BOOKMARK [3][-]{subsubsection.7.7.3.1}{\376\377\0007\000.\0007\000.\0003\000.\0001\000\040\000a\000c\000c\000e\000p\000t\000\050\000s\000e\000l\000f\000,\000\040\000s\000i\000g\000n\000a\000l\000=\000N\000o\000n\000e\000\051}{subsection.7.7.3}% 223
\BOOKMARK [3][-]{subsubsection.7.7.3.2}{\376\377\0007\000.\0007\000.\0003\000.\0002\000\040\000a\000m\000o\000u\000n\000t\000r\000a\000d\000i\000o\000c\000l\000i\000c\000k\000e\000d\000\050\000s\000e\000l\000f\000\051}{subsection.7.7.3}% 224
\BOOKMARK [3][-]{subsubsection.7.7.3.3}{\376\377\0007\000.\0007\000.\0003\000.\0003\000\040\000c\000l\000i\000c\000k\000e\000d\000\050\000s\000e\000l\000f\000,\000\040\000b\000u\000t\000t\000o\000n\000\051}{subsection.7.7.3}% 225
\BOOKMARK [3][-]{subsubsection.7.7.3.4}{\376\377\0007\000.\0007\000.\0003\000.\0004\000\040\000g\000e\000t\000O\000r\000i\000e\000n\000t\000a\000t\000i\000o\000n\000\050\000s\000e\000l\000f\000\051}{subsection.7.7.3}% 226
\BOOKMARK [3][-]{subsubsection.7.7.3.5}{\376\377\0007\000.\0007\000.\0003\000.\0005\000\040\000g\000e\000t\000S\000t\000a\000n\000d\000a\000r\000d\000B\000u\000t\000t\000o\000n\000s\000\050\000s\000e\000l\000f\000\051}{subsection.7.7.3}% 227
\BOOKMARK [3][-]{subsubsection.7.7.3.6}{\376\377\0007\000.\0007\000.\0003\000.\0006\000\040\000s\000p\000a\000c\000i\000n\000g\000r\000a\000d\000i\000o\000c\000l\000i\000c\000k\000e\000d\000\050\000s\000e\000l\000f\000\051}{subsection.7.7.3}% 228
\BOOKMARK [2][-]{subsection.7.7.4}{\376\377\0007\000.\0007\000.\0004\000\040\000M\000e\000m\000b\000e\000r\000\040\000D\000a\000t\000a\000\040\000D\000o\000c\000u\000m\000e\000n\000t\000a\000t\000i\000o\000n}{section.7.7}% 229
\BOOKMARK [3][-]{subsubsection.7.7.4.1}{\376\377\0007\000.\0007\000.\0004\000.\0001\000\040\000C\000u\000s\000t\000o\000m\000S\000p\000a\000c\000i\000n\000g}{subsection.7.7.4}% 230
\BOOKMARK [3][-]{subsubsection.7.7.4.2}{\376\377\0007\000.\0007\000.\0004\000.\0002\000\040\000F\000a\000c\000e\000N\000a\000m\000e}{subsection.7.7.4}% 231
\BOOKMARK [3][-]{subsubsection.7.7.4.3}{\376\377\0007\000.\0007\000.\0004\000.\0003\000\040\000f\000o\000r\000m}{subsection.7.7.4}% 232
\BOOKMARK [3][-]{subsubsection.7.7.4.4}{\376\377\0007\000.\0007\000.\0004\000.\0004\000\040\000R\000e\000b\000a\000r}{subsection.7.7.4}% 233
\BOOKMARK [3][-]{subsubsection.7.7.4.5}{\376\377\0007\000.\0007\000.\0004\000.\0005\000\040\000S\000e\000l\000e\000c\000t\000e\000d\000O\000b\000j}{subsection.7.7.4}% 234
\BOOKMARK [1][-]{section.7.8}{\376\377\0007\000.\0008\000\040\000R\000e\000b\000a\000r\000T\000o\000o\000l\000s\000.\000B\000e\000n\000t\000S\000h\000a\000p\000e\000R\000e\000b\000a\000r\000T\000o\000o\000l\000\040\000C\000l\000a\000s\000s\000\040\000R\000e\000f\000e\000r\000e\000n\000c\000e}{chapter.7}% 235
\BOOKMARK [2][-]{subsection.7.8.1}{\376\377\0007\000.\0008\000.\0001\000\040\000D\000e\000t\000a\000i\000l\000e\000d\000\040\000D\000e\000s\000c\000r\000i\000p\000t\000i\000o\000n}{section.7.8}% 236
\BOOKMARK [2][-]{subsection.7.8.2}{\376\377\0007\000.\0008\000.\0002\000\040\000M\000e\000m\000b\000e\000r\000\040\000F\000u\000n\000c\000t\000i\000o\000n\000\040\000D\000o\000c\000u\000m\000e\000n\000t\000a\000t\000i\000o\000n}{section.7.8}% 237
\BOOKMARK [3][-]{subsubsection.7.8.2.1}{\376\377\0007\000.\0008\000.\0002\000.\0001\000\040\000A\000c\000t\000i\000v\000a\000t\000e\000d\000\050\000s\000e\000l\000f\000\051}{subsection.7.8.2}% 238
\BOOKMARK [3][-]{subsubsection.7.8.2.2}{\376\377\0007\000.\0008\000.\0002\000.\0002\000\040\000G\000e\000t\000R\000e\000s\000o\000u\000r\000c\000e\000s\000\050\000s\000e\000l\000f\000\051}{subsection.7.8.2}% 239
\BOOKMARK [3][-]{subsubsection.7.8.2.3}{\376\377\0007\000.\0008\000.\0002\000.\0003\000\040\000I\000s\000A\000c\000t\000i\000v\000e\000\050\000s\000e\000l\000f\000\051}{subsection.7.8.2}% 240
\BOOKMARK [1][-]{section.7.9}{\376\377\0007\000.\0009\000\040\000R\000e\000b\000a\000r\000T\000o\000o\000l\000s\000.\000H\000e\000l\000i\000c\000a\000l\000R\000e\000b\000a\000r\000T\000o\000o\000l\000\040\000C\000l\000a\000s\000s\000\040\000R\000e\000f\000e\000r\000e\000n\000c\000e}{chapter.7}% 241
\BOOKMARK [2][-]{subsection.7.9.1}{\376\377\0007\000.\0009\000.\0001\000\040\000D\000e\000t\000a\000i\000l\000e\000d\000\040\000D\000e\000s\000c\000r\000i\000p\000t\000i\000o\000n}{section.7.9}% 242
\BOOKMARK [2][-]{subsection.7.9.2}{\376\377\0007\000.\0009\000.\0002\000\040\000M\000e\000m\000b\000e\000r\000\040\000F\000u\000n\000c\000t\000i\000o\000n\000\040\000D\000o\000c\000u\000m\000e\000n\000t\000a\000t\000i\000o\000n}{section.7.9}% 243
\BOOKMARK [3][-]{subsubsection.7.9.2.1}{\376\377\0007\000.\0009\000.\0002\000.\0001\000\040\000A\000c\000t\000i\000v\000a\000t\000e\000d\000\050\000s\000e\000l\000f\000\051}{subsection.7.9.2}% 244
\BOOKMARK [3][-]{subsubsection.7.9.2.2}{\376\377\0007\000.\0009\000.\0002\000.\0002\000\040\000G\000e\000t\000R\000e\000s\000o\000u\000r\000c\000e\000s\000\050\000s\000e\000l\000f\000\051}{subsection.7.9.2}% 245
\BOOKMARK [3][-]{subsubsection.7.9.2.3}{\376\377\0007\000.\0009\000.\0002\000.\0003\000\040\000I\000s\000A\000c\000t\000i\000v\000e\000\050\000s\000e\000l\000f\000\051}{subsection.7.9.2}% 246
\BOOKMARK [1][-]{section.7.10}{\376\377\0007\000.\0001\0000\000\040\000R\000e\000b\000a\000r\000T\000o\000o\000l\000s\000.\000L\000S\000h\000a\000p\000e\000R\000e\000b\000a\000r\000T\000o\000o\000l\000\040\000C\000l\000a\000s\000s\000\040\000R\000e\000f\000e\000r\000e\000n\000c\000e}{chapter.7}% 247
\BOOKMARK [2][-]{subsection.7.10.1}{\376\377\0007\000.\0001\0000\000.\0001\000\040\000D\000e\000t\000a\000i\000l\000e\000d\000\040\000D\000e\000s\000c\000r\000i\000p\000t\000i\000o\000n}{section.7.10}% 248
\BOOKMARK [2][-]{subsection.7.10.2}{\376\377\0007\000.\0001\0000\000.\0002\000\040\000M\000e\000m\000b\000e\000r\000\040\000F\000u\000n\000c\000t\000i\000o\000n\000\040\000D\000o\000c\000u\000m\000e\000n\000t\000a\000t\000i\000o\000n}{section.7.10}% 249
\BOOKMARK [3][-]{subsubsection.7.10.2.1}{\376\377\0007\000.\0001\0000\000.\0002\000.\0001\000\040\000A\000c\000t\000i\000v\000a\000t\000e\000d\000\050\000s\000e\000l\000f\000\051}{subsection.7.10.2}% 250
\BOOKMARK [3][-]{subsubsection.7.10.2.2}{\376\377\0007\000.\0001\0000\000.\0002\000.\0002\000\040\000G\000e\000t\000R\000e\000s\000o\000u\000r\000c\000e\000s\000\050\000s\000e\000l\000f\000\051}{subsection.7.10.2}% 251
\BOOKMARK [3][-]{subsubsection.7.10.2.3}{\376\377\0007\000.\0001\0000\000.\0002\000.\0003\000\040\000I\000s\000A\000c\000t\000i\000v\000e\000\050\000s\000e\000l\000f\000\051}{subsection.7.10.2}% 252
\BOOKMARK [1][-]{section.7.11}{\376\377\0007\000.\0001\0001\000\040\000P\000o\000p\000U\000p\000I\000m\000a\000g\000e\000.\000P\000o\000p\000U\000p\000I\000m\000a\000g\000e\000\040\000C\000l\000a\000s\000s\000\040\000R\000e\000f\000e\000r\000e\000n\000c\000e}{chapter.7}% 253
\BOOKMARK [2][-]{subsection.7.11.1}{\376\377\0007\000.\0001\0001\000.\0001\000\040\000D\000e\000t\000a\000i\000l\000e\000d\000\040\000D\000e\000s\000c\000r\000i\000p\000t\000i\000o\000n}{section.7.11}% 254
\BOOKMARK [2][-]{subsection.7.11.2}{\376\377\0007\000.\0001\0001\000.\0002\000\040\000C\000o\000n\000s\000t\000r\000u\000c\000t\000o\000r\000\040\000\046\000\040\000D\000e\000s\000t\000r\000u\000c\000t\000o\000r\000\040\000D\000o\000c\000u\000m\000e\000n\000t\000a\000t\000i\000o\000n}{section.7.11}% 255
\BOOKMARK [3][-]{subsubsection.7.11.2.1}{\376\377\0007\000.\0001\0001\000.\0002\000.\0001\000\040\000i\000n\000i\000t\000\050\000s\000e\000l\000f\000,\000\040\000i\000m\000g\000\051}{subsection.7.11.2}% 256
\BOOKMARK [2][-]{subsection.7.11.3}{\376\377\0007\000.\0001\0001\000.\0003\000\040\000M\000e\000m\000b\000e\000r\000\040\000D\000a\000t\000a\000\040\000D\000o\000c\000u\000m\000e\000n\000t\000a\000t\000i\000o\000n}{section.7.11}% 257
\BOOKMARK [3][-]{subsubsection.7.11.3.1}{\376\377\0007\000.\0001\0001\000.\0003\000.\0001\000\040\000i\000m\000a\000g\000e}{subsection.7.11.3}% 258
\BOOKMARK [3][-]{subsubsection.7.11.3.2}{\376\377\0007\000.\0001\0001\000.\0003\000.\0002\000\040\000v\000e\000r\000t\000i\000c\000a\000l\000L\000a\000y\000o\000u\000t}{subsection.7.11.3}% 259
\BOOKMARK [1][-]{section.7.12}{\376\377\0007\000.\0001\0002\000\040\000R\000e\000b\000a\000r\000T\000o\000o\000l\000s\000.\000S\000t\000i\000r\000r\000u\000p\000T\000o\000o\000l\000\040\000C\000l\000a\000s\000s\000\040\000R\000e\000f\000e\000r\000e\000n\000c\000e}{chapter.7}% 260
\BOOKMARK [2][-]{subsection.7.12.1}{\376\377\0007\000.\0001\0002\000.\0001\000\040\000D\000e\000t\000a\000i\000l\000e\000d\000\040\000D\000e\000s\000c\000r\000i\000p\000t\000i\000o\000n}{section.7.12}% 261
\BOOKMARK [2][-]{subsection.7.12.2}{\376\377\0007\000.\0001\0002\000.\0002\000\040\000M\000e\000m\000b\000e\000r\000\040\000F\000u\000n\000c\000t\000i\000o\000n\000\040\000D\000o\000c\000u\000m\000e\000n\000t\000a\000t\000i\000o\000n}{section.7.12}% 262
\BOOKMARK [3][-]{subsubsection.7.12.2.1}{\376\377\0007\000.\0001\0002\000.\0002\000.\0001\000\040\000A\000c\000t\000i\000v\000a\000t\000e\000d\000\050\000s\000e\000l\000f\000\051}{subsection.7.12.2}% 263
\BOOKMARK [3][-]{subsubsection.7.12.2.2}{\376\377\0007\000.\0001\0002\000.\0002\000.\0002\000\040\000G\000e\000t\000R\000e\000s\000o\000u\000r\000c\000e\000s\000\050\000s\000e\000l\000f\000\051}{subsection.7.12.2}% 264
\BOOKMARK [3][-]{subsubsection.7.12.2.3}{\376\377\0007\000.\0001\0002\000.\0002\000.\0003\000\040\000I\000s\000A\000c\000t\000i\000v\000e\000\050\000s\000e\000l\000f\000\051}{subsection.7.12.2}% 265
\BOOKMARK [1][-]{section.7.13}{\376\377\0007\000.\0001\0003\000\040\000R\000e\000b\000a\000r\000T\000o\000o\000l\000s\000.\000S\000t\000r\000a\000i\000g\000h\000t\000R\000e\000b\000a\000r\000T\000o\000o\000l\000\040\000C\000l\000a\000s\000s\000\040\000R\000e\000f\000e\000r\000e\000n\000c\000e}{chapter.7}% 266
\BOOKMARK [2][-]{subsection.7.13.1}{\376\377\0007\000.\0001\0003\000.\0001\000\040\000D\000e\000t\000a\000i\000l\000e\000d\000\040\000D\000e\000s\000c\000r\000i\000p\000t\000i\000o\000n}{section.7.13}% 267
\BOOKMARK [2][-]{subsection.7.13.2}{\376\377\0007\000.\0001\0003\000.\0002\000\040\000M\000e\000m\000b\000e\000r\000\040\000F\000u\000n\000c\000t\000i\000o\000n\000\040\000D\000o\000c\000u\000m\000e\000n\000t\000a\000t\000i\000o\000n}{section.7.13}% 268
\BOOKMARK [3][-]{subsubsection.7.13.2.1}{\376\377\0007\000.\0001\0003\000.\0002\000.\0001\000\040\000A\000c\000t\000i\000v\000a\000t\000e\000d\000\050\000s\000e\000l\000f\000\051}{subsection.7.13.2}% 269
\BOOKMARK [3][-]{subsubsection.7.13.2.2}{\376\377\0007\000.\0001\0003\000.\0002\000.\0002\000\040\000G\000e\000t\000R\000e\000s\000o\000u\000r\000c\000e\000s\000\050\000s\000e\000l\000f\000\051}{subsection.7.13.2}% 270
\BOOKMARK [3][-]{subsubsection.7.13.2.3}{\376\377\0007\000.\0001\0003\000.\0002\000.\0003\000\040\000I\000s\000A\000c\000t\000i\000v\000e\000\050\000s\000e\000l\000f\000\051}{subsection.7.13.2}% 271
\BOOKMARK [1][-]{section.7.14}{\376\377\0007\000.\0001\0004\000\040\000R\000e\000b\000a\000r\000T\000o\000o\000l\000s\000.\000U\000S\000h\000a\000p\000e\000R\000e\000b\000a\000r\000T\000o\000o\000l\000\040\000C\000l\000a\000s\000s\000\040\000R\000e\000f\000e\000r\000e\000n\000c\000e}{chapter.7}% 272
\BOOKMARK [2][-]{subsection.7.14.1}{\376\377\0007\000.\0001\0004\000.\0001\000\040\000D\000e\000t\000a\000i\000l\000e\000d\000\040\000D\000e\000s\000c\000r\000i\000p\000t\000i\000o\000n}{section.7.14}% 273
\BOOKMARK [2][-]{subsection.7.14.2}{\376\377\0007\000.\0001\0004\000.\0002\000\040\000M\000e\000m\000b\000e\000r\000\040\000F\000u\000n\000c\000t\000i\000o\000n\000\040\000D\000o\000c\000u\000m\000e\000n\000t\000a\000t\000i\000o\000n}{section.7.14}% 274
\BOOKMARK [3][-]{subsubsection.7.14.2.1}{\376\377\0007\000.\0001\0004\000.\0002\000.\0001\000\040\000A\000c\000t\000i\000v\000a\000t\000e\000d\000\050\000s\000e\000l\000f\000\051}{subsection.7.14.2}% 275
\BOOKMARK [3][-]{subsubsection.7.14.2.2}{\376\377\0007\000.\0001\0004\000.\0002\000.\0002\000\040\000G\000e\000t\000R\000e\000s\000o\000u\000r\000c\000e\000s\000\050\000s\000e\000l\000f\000\051}{subsection.7.14.2}% 276
\BOOKMARK [3][-]{subsubsection.7.14.2.3}{\376\377\0007\000.\0001\0004\000.\0002\000.\0003\000\040\000I\000s\000A\000c\000t\000i\000v\000e\000\050\000s\000e\000l\000f\000\051}{subsection.7.14.2}% 277
\BOOKMARK [0][-]{chapter.8}{\376\377\0008\000\040\000F\000i\000l\000e\000\040\000D\000o\000c\000u\000m\000e\000n\000t\000a\000t\000i\000o\000n}{}% 278
\BOOKMARK [1][-]{section.8.1}{\376\377\0008\000.\0001\000\040\000B\000e\000n\000t\000S\000h\000a\000p\000e\000R\000e\000b\000a\000r\000.\000p\000y\000\040\000F\000i\000l\000e\000\040\000R\000e\000f\000e\000r\000e\000n\000c\000e}{chapter.8}% 279
\BOOKMARK [1][-]{section.8.2}{\376\377\0008\000.\0002\000\040\000B\000e\000n\000t\000S\000h\000a\000p\000e\000R\000e\000b\000a\000r\000.\000p\000y}{chapter.8}% 280
\BOOKMARK [1][-]{section.8.3}{\376\377\0008\000.\0003\000\040\000H\000e\000l\000i\000c\000a\000l\000R\000e\000b\000a\000r\000.\000p\000y\000\040\000F\000i\000l\000e\000\040\000R\000e\000f\000e\000r\000e\000n\000c\000e}{chapter.8}% 281
\BOOKMARK [1][-]{section.8.4}{\376\377\0008\000.\0004\000\040\000H\000e\000l\000i\000c\000a\000l\000R\000e\000b\000a\000r\000.\000p\000y}{chapter.8}% 282
\BOOKMARK [1][-]{section.8.5}{\376\377\0008\000.\0005\000\040\000L\000S\000h\000a\000p\000e\000R\000e\000b\000a\000r\000.\000p\000y\000\040\000F\000i\000l\000e\000\040\000R\000e\000f\000e\000r\000e\000n\000c\000e}{chapter.8}% 283
\BOOKMARK [1][-]{section.8.6}{\376\377\0008\000.\0006\000\040\000L\000S\000h\000a\000p\000e\000R\000e\000b\000a\000r\000.\000p\000y}{chapter.8}% 284
\BOOKMARK [1][-]{section.8.7}{\376\377\0008\000.\0007\000\040\000P\000o\000p\000U\000p\000I\000m\000a\000g\000e\000.\000p\000y\000\040\000F\000i\000l\000e\000\040\000R\000e\000f\000e\000r\000e\000n\000c\000e}{chapter.8}% 285
\BOOKMARK [1][-]{section.8.8}{\376\377\0008\000.\0008\000\040\000P\000o\000p\000U\000p\000I\000m\000a\000g\000e\000.\000p\000y}{chapter.8}% 286
\BOOKMARK [1][-]{section.8.9}{\376\377\0008\000.\0009\000\040\000R\000E\000A\000D\000M\000E\000.\000m\000d\000\040\000F\000i\000l\000e\000\040\000R\000e\000f\000e\000r\000e\000n\000c\000e}{chapter.8}% 287
\BOOKMARK [1][-]{section.8.10}{\376\377\0008\000.\0001\0000\000\040\000R\000E\000A\000D\000M\000E\000.\000m\000d}{chapter.8}% 288
\BOOKMARK [1][-]{section.8.11}{\376\377\0008\000.\0001\0001\000\040\000R\000e\000b\000a\000r\000D\000i\000s\000t\000r\000i\000b\000u\000t\000i\000o\000n\000.\000p\000y\000\040\000F\000i\000l\000e\000\040\000R\000e\000f\000e\000r\000e\000n\000c\000e}{chapter.8}% 289
\BOOKMARK [1][-]{section.8.12}{\376\377\0008\000.\0001\0002\000\040\000R\000e\000b\000a\000r\000D\000i\000s\000t\000r\000i\000b\000u\000t\000i\000o\000n\000.\000p\000y}{chapter.8}% 290
\BOOKMARK [1][-]{section.8.13}{\376\377\0008\000.\0001\0003\000\040\000R\000e\000b\000a\000r\000f\000u\000n\000c\000.\000p\000y\000\040\000F\000i\000l\000e\000\040\000R\000e\000f\000e\000r\000e\000n\000c\000e}{chapter.8}% 291
\BOOKMARK [1][-]{section.8.14}{\376\377\0008\000.\0001\0004\000\040\000R\000e\000b\000a\000r\000f\000u\000n\000c\000.\000p\000y}{chapter.8}% 292
\BOOKMARK [1][-]{section.8.15}{\376\377\0008\000.\0001\0005\000\040\000R\000e\000b\000a\000r\000T\000o\000o\000l\000s\000.\000p\000y\000\040\000F\000i\000l\000e\000\040\000R\000e\000f\000e\000r\000e\000n\000c\000e}{chapter.8}% 293
\BOOKMARK [1][-]{section.8.16}{\376\377\0008\000.\0001\0006\000\040\000R\000e\000b\000a\000r\000T\000o\000o\000l\000s\000.\000p\000y}{chapter.8}% 294
\BOOKMARK [1][-]{section.8.17}{\376\377\0008\000.\0001\0007\000\040\000S\000t\000i\000r\000r\000u\000p\000.\000p\000y\000\040\000F\000i\000l\000e\000\040\000R\000e\000f\000e\000r\000e\000n\000c\000e}{chapter.8}% 295
\BOOKMARK [1][-]{section.8.18}{\376\377\0008\000.\0001\0008\000\040\000S\000t\000i\000r\000r\000u\000p\000.\000p\000y}{chapter.8}% 296
\BOOKMARK [1][-]{section.8.19}{\376\377\0008\000.\0001\0009\000\040\000S\000t\000r\000a\000i\000g\000h\000t\000R\000e\000b\000a\000r\000.\000p\000y\000\040\000F\000i\000l\000e\000\040\000R\000e\000f\000e\000r\000e\000n\000c\000e}{chapter.8}% 297
\BOOKMARK [1][-]{section.8.20}{\376\377\0008\000.\0002\0000\000\040\000S\000t\000r\000a\000i\000g\000h\000t\000R\000e\000b\000a\000r\000.\000p\000y}{chapter.8}% 298
\BOOKMARK [1][-]{section.8.21}{\376\377\0008\000.\0002\0001\000\040\000U\000S\000h\000a\000p\000e\000R\000e\000b\000a\000r\000.\000p\000y\000\040\000F\000i\000l\000e\000\040\000R\000e\000f\000e\000r\000e\000n\000c\000e}{chapter.8}% 299
\BOOKMARK [1][-]{section.8.22}{\376\377\0008\000.\0002\0002\000\040\000U\000S\000h\000a\000p\000e\000R\000e\000b\000a\000r\000.\000p\000y}{chapter.8}% 300
